[2014-01-02 00:00:32][SUCCESS][Time:0.020608] Url http://www.q.com/post/save
[2014-01-02 00:01:21][SUCCESS][Time:0.029734] Url http://www.q.com/post/save
[2014-01-02 00:03:29][NOTICE] Url http://www.q.com/post/save Undefined variable: bind at file E:\wamp\www\Qphp\Framework\Db\Driver\Mysql\Mysql.php(111)
[2014-01-02 00:05:37][NOTICE] Url http://www.q.com/post/save Undefined variable: bind at file E:\wamp\www\Qphp\Framework\Db\Driver\Mysql\Mysql.php(111)
[2014-01-02 00:07:22][NOTICE] Url http://www.q.com/post/save Undefined variable: tags at file E:\wamp\www\Qphp\Application\Modules\Tag\Models\TagModel.php(22)
[2014-01-02 00:08:32][NOTICE] Url http://www.q.com/post/save Undefined variable: bind at file E:\wamp\www\Qphp\Framework\Db\Driver\Mysql\Mysql.php(111)
[2014-01-02 00:11:45][NOTICE] Url http://www.q.com/post/save Undefined variable: bind at file E:\wamp\www\Qphp\Framework\Db\Driver\Mysql\Mysql.php(111)
[2014-01-02 00:12:27][NOTICE] Url http://www.q.com/post/save Undefined variable: bind at file E:\wamp\www\Qphp\Framework\Db\Driver\Mysql\Mysql.php(111)
[2014-01-02 00:12:27][SUCCESS][Time:0.021672] Url http://www.q.com/post
[2014-01-02 00:12:27][ERROR] Url http://www.q.com/Public/js/jquery.min.map 未定义指定控制器/NOT FOUND CONTROLLER: Public
[2014-01-02 00:12:27][ERROR] Url http://www.q.com/Public/js/jquery.min.map 未定义指定控制器/NOT FOUND CONTROLLER: Public
[2014-01-02 00:12:50][SUCCESS][Time:0.030839] Url http://www.q.com/post
[2014-01-02 00:12:50][ERROR] Url http://www.q.com/Public/js/jquery.min.map 未定义指定控制器/NOT FOUND CONTROLLER: Public
[2014-01-02 00:12:50][ERROR] Url http://www.q.com/Public/js/jquery.min.map 未定义指定控制器/NOT FOUND CONTROLLER: Public
[2014-01-02 00:13:40][NOTICE] Url http://www.q.com/post/save Undefined variable: bind at file E:\wamp\www\Qphp\Framework\Db\Driver\Mysql\Mysql.php(111)
[2014-01-02 00:13:40][SUCCESS][Time:0.028320] Url http://www.q.com/post
[2014-01-02 00:13:40][ERROR] Url http://www.q.com/Public/js/jquery.min.map 未定义指定控制器/NOT FOUND CONTROLLER: Public
[2014-01-02 00:13:40][ERROR] Url http://www.q.com/Public/js/jquery.min.map 未定义指定控制器/NOT FOUND CONTROLLER: Public
[2014-01-02 00:14:24][SUCCESS][Time:0.019949] Url http://www.q.com/post
[2014-01-02 00:14:24][ERROR] Url http://www.q.com/Public/js/jquery.min.map 未定义指定控制器/NOT FOUND CONTROLLER: Public
[2014-01-02 00:14:24][ERROR] Url http://www.q.com/Public/js/jquery.min.map 未定义指定控制器/NOT FOUND CONTROLLER: Public
[2014-01-02 00:14:24][SUCCESS][Time:0.013079] Url http://www.q.com/post
[2014-01-02 00:14:24][ERROR] Url http://www.q.com/Public/js/jquery.min.map 未定义指定控制器/NOT FOUND CONTROLLER: Public
[2014-01-02 00:14:24][ERROR] Url http://www.q.com/Public/js/jquery.min.map 未定义指定控制器/NOT FOUND CONTROLLER: Public
[2014-01-02 00:14:48][NOTICE] Url http://www.q.com/post/save Undefined variable: bind at file E:\wamp\www\Qphp\Framework\Db\Driver\Mysql\Mysql.php(111)
[2014-01-02 00:14:48][SUCCESS][Time:0.033389] Url http://www.q.com/post
[2014-01-02 00:14:48][ERROR] Url http://www.q.com/Public/js/jquery.min.map 未定义指定控制器/NOT FOUND CONTROLLER: Public
[2014-01-02 00:14:48][ERROR] Url http://www.q.com/Public/js/jquery.min.map 未定义指定控制器/NOT FOUND CONTROLLER: Public
[2014-01-02 00:14:50][SUCCESS][Time:0.034271] Url http://www.q.com/post
[2014-01-02 00:14:50][ERROR] Url http://www.q.com/Public/js/jquery.min.map 未定义指定控制器/NOT FOUND CONTROLLER: Public
[2014-01-02 00:14:50][ERROR] Url http://www.q.com/Public/js/jquery.min.map 未定义指定控制器/NOT FOUND CONTROLLER: Public
[2014-01-02 00:14:52][NOTICE] Url http://www.q.com/u Undefined variable: id at file E:\wamp\www\Qphp\Application\Modules\U\Controllers\UController.php(15)
[2014-01-02 00:14:52][SUCCESS][Time:0.020815] Url http://www.q.com/u/rgss
[2014-01-02 00:14:55][ERROR] Url http://www.q.com/Public/js/jquery.min.map 未定义指定控制器/NOT FOUND CONTROLLER: Public
[2014-01-02 00:14:55][ERROR] Url http://www.q.com/Public/js/jquery.min.map 未定义指定控制器/NOT FOUND CONTROLLER: Public
[2014-01-02 00:14:56][ERROR] Url http://www.q.com/Public/js/jquery.min.map 未定义指定控制器/NOT FOUND CONTROLLER: Public
[2014-01-02 00:14:56][ERROR] Url http://www.q.com/Public/js/jquery.min.map 未定义指定控制器/NOT FOUND CONTROLLER: Public
[2014-01-02 00:14:56][ERROR] Url http://www.q.com/Public/js/jquery.min.map 未定义指定控制器/NOT FOUND CONTROLLER: Public
[2014-01-02 00:14:56][ERROR] Url http://www.q.com/Public/js/jquery.min.map 未定义指定控制器/NOT FOUND CONTROLLER: Public
[2014-01-02 00:14:57][ERROR] Url http://www.q.com/Public/js/jquery.min.map 未定义指定控制器/NOT FOUND CONTROLLER: Public
[2014-01-02 00:14:57][ERROR] Url http://www.q.com/Public/js/jquery.min.map 未定义指定控制器/NOT FOUND CONTROLLER: Public
[2014-01-02 00:14:57][ERROR] Url http://www.q.com/Public/js/jquery.min.map 未定义指定控制器/NOT FOUND CONTROLLER: Public
[2014-01-02 00:14:57][ERROR] Url http://www.q.com/Public/js/jquery.min.map 未定义指定控制器/NOT FOUND CONTROLLER: Public
[2014-01-02 00:14:58][ERROR] Url http://www.q.com/Public/js/jquery.min.map 未定义指定控制器/NOT FOUND CONTROLLER: Public
[2014-01-02 00:14:58][ERROR] Url http://www.q.com/Public/js/jquery.min.map 未定义指定控制器/NOT FOUND CONTROLLER: Public
[2014-01-02 00:18:08][NOTICE] Url http://www.q.com/post/save Undefined variable: bind at file E:\wamp\www\Qphp\Framework\Db\Driver\Mysql\Mysql.php(111)
[2014-01-02 00:18:08][SUCCESS][Time:0.030088] Url http://www.q.com/post
[2014-01-02 00:18:08][ERROR] Url http://www.q.com/Public/js/jquery.min.map 未定义指定控制器/NOT FOUND CONTROLLER: Public
[2014-01-02 00:18:08][ERROR] Url http://www.q.com/Public/js/jquery.min.map 未定义指定控制器/NOT FOUND CONTROLLER: Public
[2014-01-02 00:18:51][NOTICE] Url http://www.q.com/post/save Undefined variable: bind at file E:\wamp\www\Qphp\Framework\Db\Driver\Mysql\Mysql.php(111)
[2014-01-02 00:18:51][SUCCESS][Time:0.020927] Url http://www.q.com/u/rgss
[2014-01-02 00:18:56][SUCCESS][Time:0.030769] Url http://www.q.com/u/rgss
[2014-01-02 00:18:56][SUCCESS][Time:0.029380] Url http://www.q.com/u/rgss
[2014-01-02 00:18:59][SUCCESS][Time:0.028117] Url http://www.q.com/u/rgss
[2014-01-02 00:19:00][SUCCESS][Time:0.031195] Url http://www.q.com/u/rgss
[2014-01-02 00:19:00][SUCCESS][Time:0.029888] Url http://www.q.com/u/rgss
[2014-01-02 00:19:01][SUCCESS][Time:0.027360] Url http://www.q.com/u/rgss
[2014-01-02 00:19:01][SUCCESS][Time:0.028514] Url http://www.q.com/u/rgss
[2014-01-02 00:19:01][SUCCESS][Time:0.027619] Url http://www.q.com/u/rgss
[2014-01-02 00:19:04][NOTICE] Url http://www.q.com/u Undefined variable: id at file E:\wamp\www\Qphp\Application\Modules\U\Controllers\UController.php(15)
[2014-01-02 00:19:04][SUCCESS][Time:0.020435] Url http://www.q.com/u/rgss
[2014-01-02 00:19:05][ERROR] Url http://www.q.com/message 未定义指定控制器/NOT FOUND CONTROLLER: Message
[2014-01-02 00:19:05][ERROR] Url http://www.q.com/message 未定义指定控制器/NOT FOUND CONTROLLER: Message
[2014-01-02 00:19:15][ERROR] Url http://www.q.com/share 未定义指定控制器/NOT FOUND CONTROLLER: Share
[2014-01-02 00:19:15][ERROR] Url http://www.q.com/share 未定义指定控制器/NOT FOUND CONTROLLER: Share
[2014-01-02 00:20:16][NOTICE] Url http://www.q.com/user/logout Undefined variable: value at file E:\wamp\www\Qphp\Application\Modules\User\Helpers\User.php(14)
[2014-01-02 00:20:16][NOTICE] Url http://www.q.com/ Undefined variable: title at file E:\wamp\www\Qphp\Application\Modules\Index\Views\Index.php(4)
[2014-01-02 00:20:19][NOTICE] Url http://www.q.com/user/login Undefined variable: title at file E:\wamp\www\Qphp\Application\Modules\User\Views\Login.php(4)
[2014-01-02 00:20:29][NOTICE] Url http://www.q.com/user/login Undefined variable: title at file E:\wamp\www\Qphp\Application\Modules\User\Views\Login.php(4)
[2014-01-02 00:20:29][SUCCESS][Time:0.020858] Url http://www.q.com/user
[2014-01-02 00:20:29][NOTICE] Url http://www.q.com/u Undefined variable: id at file E:\wamp\www\Qphp\Application\Modules\U\Controllers\UController.php(15)
[2014-01-02 00:20:29][SUCCESS][Time:0.010934] Url http://www.q.com/u/rgss
[2014-01-02 00:22:51][SUCCESS][Time:0.024940] Url http://www.q.com/u/rgss
[2014-01-02 00:22:52][SUCCESS][Time:0.014638] Url http://www.q.com/u/rgss
[2014-01-02 00:27:22][NOTICE] Url http://www.q.com/u/rgss Undefined variable: bind at file E:\wamp\www\Qphp\Framework\Db\Driver\Mysql\Mysql.php(111)
[2014-01-02 00:28:41][NOTICE] Url http://www.q.com/u/rgss Undefined variable: bind at file E:\wamp\www\Qphp\Framework\Db\Driver\Mysql\Mysql.php(111)
[2014-01-02 00:28:45][ERROR] Url http://www.q.com/topic/16 未定义指定控制器/NOT FOUND CONTROLLER: Topic
[2014-01-02 00:28:45][ERROR] Url http://www.q.com/topic/16 未定义指定控制器/NOT FOUND CONTROLLER: Topic
[2014-01-02 00:29:58][NOTICE] Url http://www.q.com/u/rgss Undefined variable: bind at file E:\wamp\www\Qphp\Framework\Db\Driver\Mysql\Mysql.php(111)
[2014-01-02 00:30:08][ERROR] Url http://www.q.com/topic/15/go-hero 未定义指定控制器/NOT FOUND CONTROLLER: Topic
[2014-01-02 00:30:08][ERROR] Url http://www.q.com/topic/15/go-hero 未定义指定控制器/NOT FOUND CONTROLLER: Topic
[2014-01-02 00:30:24][NOTICE] Url http://www.q.com/u/rgss Undefined variable: bind at file E:\wamp\www\Qphp\Framework\Db\Driver\Mysql\Mysql.php(111)
[2014-01-02 00:30:38][ERROR] Url http://www.q.com/topic/15-go-hero 未定义指定控制器/NOT FOUND CONTROLLER: Topic
[2014-01-02 00:30:38][ERROR] Url http://www.q.com/topic/15-go-hero 未定义指定控制器/NOT FOUND CONTROLLER: Topic
[2014-01-02 00:51:11][SUCCESS][Time:0.030950] Url http://www.q.com/topic/14-go-hero
[2014-01-02 00:53:20][NOTICE] Url http://www.q.com/topic/14-go-hero Undefined variable: title at file E:\wamp\www\Qphp\Application\Modules\Topic\Views\Topic.php(4)
[2014-01-02 00:53:34][NOTICE] Url http://www.q.com/topic/14-go-hero Undefined variable: title at file E:\wamp\www\Qphp\Application\Modules\Topic\Views\Topic.php(4)
[2014-01-02 00:54:26][NOTICE] Url http://www.q.com/topic/14-go-hero Undefined variable: title at file E:\wamp\www\Qphp\Application\Modules\Topic\Views\Topic.php(4)
[2014-01-02 00:54:46][NOTICE] Url http://www.q.com/topic/14-go-hero Undefined variable: title at file E:\wamp\www\Qphp\Application\Modules\Topic\Views\Topic.php(4)
[2014-01-02 00:54:47][NOTICE] Url http://www.q.com/topic/14-go-hero Undefined variable: title at file E:\wamp\www\Qphp\Application\Modules\Topic\Views\Topic.php(4)
[2014-01-02 00:55:30][NOTICE] Url http://www.q.com/topic/14-go-hero Undefined variable: title at file E:\wamp\www\Qphp\Application\Modules\Topic\Views\Topic.php(4)
[2014-01-02 00:56:02][NOTICE] Url http://www.q.com/topic/14-go-hero Undefined variable: title at file E:\wamp\www\Qphp\Application\Modules\Topic\Views\Topic.php(4)
[2014-01-02 00:56:03][NOTICE] Url http://www.q.com/topic/14-go-hero Undefined variable: title at file E:\wamp\www\Qphp\Application\Modules\Topic\Views\Topic.php(4)
[2014-01-02 00:56:12][NOTICE] Url http://www.q.com/topic/14-go-hero Undefined variable: title at file E:\wamp\www\Qphp\Application\Modules\Topic\Views\Topic.php(4)
[2014-01-02 00:56:22][NOTICE] Url http://www.q.com/topic/14-go-hero Undefined variable: title at file E:\wamp\www\Qphp\Application\Modules\Topic\Views\Topic.php(4)
[2014-01-02 00:56:34][NOTICE] Url http://www.q.com/topic/14-go-hero Undefined variable: title at file E:\wamp\www\Qphp\Application\Modules\Topic\Views\Topic.php(4)
[2014-01-02 00:56:45][NOTICE] Url http://www.q.com/topic/14-go-hero Undefined variable: title at file E:\wamp\www\Qphp\Application\Modules\Topic\Views\Topic.php(4)
[2014-01-02 00:56:51][NOTICE] Url http://www.q.com/topic/14-go-hero Undefined variable: title at file E:\wamp\www\Qphp\Application\Modules\Topic\Views\Topic.php(4)
[2014-01-02 00:56:51][NOTICE] Url http://www.q.com/topic/14-go-hero Undefined variable: title at file E:\wamp\www\Qphp\Application\Modules\Topic\Views\Topic.php(4)
[2014-01-02 00:56:52][NOTICE] Url http://www.q.com/topic/14-go-hero Undefined variable: title at file E:\wamp\www\Qphp\Application\Modules\Topic\Views\Topic.php(4)
[2014-01-02 00:56:53][NOTICE] Url http://www.q.com/topic/14-go-hero Undefined variable: title at file E:\wamp\www\Qphp\Application\Modules\Topic\Views\Topic.php(4)
[2014-01-02 00:57:43][NOTICE] Url http://www.q.com/topic/14-go-hero Undefined variable: title at file E:\wamp\www\Qphp\Application\Modules\Topic\Views\Topic.php(4)
[2014-01-02 00:57:43][NOTICE] Url http://www.q.com/topic/14-go-hero Undefined variable: title at file E:\wamp\www\Qphp\Application\Modules\Topic\Views\Topic.php(4)
[2014-01-02 00:58:16][NOTICE] Url http://www.q.com/topic/14-go-hero Undefined variable: title at file E:\wamp\www\Qphp\Application\Modules\Topic\Views\Topic.php(4)
[2014-01-02 00:59:22][SUCCESS][Time:0.026557] Url http://www.q.com/topic/14-go-hero
[2014-01-02 23:03:50][NOTICE] Url http://www.q.com/ Undefined variable: title at file E:\wamp\www\Qphp\Application\Modules\Index\Views\Index.php(4)
[2014-01-02 23:18:08][NOTICE] Url http://www.q.com/user/login Undefined variable: title at file E:\wamp\www\Qphp\Application\Modules\User\Views\Login.php(4)
[2014-01-02 23:18:08][NOTICE] Url http://www.q.com/u/rgss Undefined variable: bind at file E:\wamp\www\Qphp\Framework\Db\Driver\Mysql\Mysql.php(111)
[2014-01-02 23:18:11][ERROR] Url http://www.q.com/share 未定义指定控制器/NOT FOUND CONTROLLER: Share
[2014-01-02 23:18:11][ERROR] Url http://www.q.com/share 未定义指定控制器/NOT FOUND CONTROLLER: Share
[2014-01-02 23:18:22][SUCCESS][Time:0.039222] Url http://www.q.com/topic/15-go-hero
[2014-01-02 23:33:42][SUCCESS][Time:0.038514] Url http://www.q.com/topic/15-go-hero
[2014-01-02 23:33:43][NOTICE] Url http://www.q.com/ Undefined variable: title at file E:\wamp\www\Qphp\Application\Modules\Index\Views\Index.php(4)
[2014-01-02 23:33:46][SUCCESS][Time:0.029253] Url http://www.q.com/topic/15-go-hero
[2014-01-02 23:36:09][SUCCESS][Time:0.034697] Url http://www.q.com/topic/15-go-hero
[2014-01-02 23:36:11][SUCCESS][Time:0.019862] Url http://www.q.com/topic/15-go-hero
[2014-01-02 23:36:11][NOTICE] Url http://www.q.com/ Undefined variable: title at file E:\wamp\www\Qphp\Application\Modules\Index\Views\Index.php(4)
[2014-01-02 23:37:14][SUCCESS][Time:0.025200] Url http://www.q.com/topic/15-go-hero
[2014-01-02 23:38:49][SUCCESS][Time:0.027189] Url http://www.q.com/topic/15-go-hero
[2014-01-02 23:40:54][SUCCESS][Time:0.022916] Url http://www.q.com/topic/15-go-hero
[2014-01-02 23:41:14][SUCCESS][Time:0.023495] Url http://www.q.com/topic/15-go-hero
[2014-01-02 23:41:15][SUCCESS][Time:0.025578] Url http://www.q.com/topic/15-go-hero
[2014-01-02 23:41:16][SUCCESS][Time:0.027212] Url http://www.q.com/topic/15-go-hero
[2014-01-02 23:41:27][SUCCESS][Time:0.015304] Url http://www.q.com/topic/15-go-hero
[2014-01-02 23:42:47][SUCCESS][Time:0.020719] Url http://www.q.com/topic/15-go-hero
[2014-01-02 23:43:40][SUCCESS][Time:0.028746] Url http://www.q.com/topic/15-go-hero
[2014-01-02 23:43:40][SUCCESS][Time:0.037076] Url http://www.q.com/topic/15-go-hero
[2014-01-02 23:43:56][SUCCESS][Time:0.019466] Url http://www.q.com/topic/15-go-hero
[2014-01-02 23:44:37][SUCCESS][Time:0.030673] Url http://www.q.com/topic/15-go-hero
[2014-01-02 23:44:53][SUCCESS][Time:0.025449] Url http://www.q.com/topic/15-go-hero
[2014-01-02 23:44:54][NOTICE] Url http://www.q.com/ Undefined variable: title at file E:\wamp\www\Qphp\Application\Modules\Index\Views\Index.php(4)
[2014-01-02 23:44:58][SUCCESS][Time:0.028453] Url http://www.q.com/topic/15-go-hero
[2014-01-02 23:45:00][SUCCESS][Time:0.030935] Url http://www.q.com/topic/15-go-hero
[2014-01-02 23:45:01][NOTICE] Url http://www.q.com/u Undefined variable: bind at file E:\wamp\www\Qphp\Framework\Db\Driver\Mysql\Mysql.php(111)
[2014-01-02 23:45:01][NOTICE] Url http://www.q.com/u/rgss Undefined variable: bind at file E:\wamp\www\Qphp\Framework\Db\Driver\Mysql\Mysql.php(111)
[2014-01-02 23:45:03][SUCCESS][Time:0.029739] Url http://www.q.com/topic/21
[2014-01-02 23:45:04][SUCCESS][Time:0.027717] Url http://www.q.com/topic/21
[2014-01-02 23:45:07][SUCCESS][Time:0.029434] Url http://www.q.com/topic/21
[2014-01-02 23:45:23][SUCCESS][Time:0.028973] Url http://www.q.com/topic/21
[2014-01-02 23:46:56][SUCCESS][Time:0.030405] Url http://www.q.com/topic/21
[2014-01-02 23:47:02][SUCCESS][Time:0.031422] Url http://www.q.com/topic/21
[2014-01-02 23:47:02][SUCCESS][Time:0.030924] Url http://www.q.com/topic/21
[2014-01-02 23:47:04][NOTICE] Url http://www.q.com/u Undefined variable: bind at file E:\wamp\www\Qphp\Framework\Db\Driver\Mysql\Mysql.php(111)
[2014-01-02 23:47:04][NOTICE] Url http://www.q.com/u/rgss Undefined variable: bind at file E:\wamp\www\Qphp\Framework\Db\Driver\Mysql\Mysql.php(111)
[2014-01-02 23:47:12][NOTICE] Url http://www.q.com/u/rgss Undefined variable: bind at file E:\wamp\www\Qphp\Framework\Db\Driver\Mysql\Mysql.php(111)
[2014-01-02 23:47:13][NOTICE] Url http://www.q.com/u Undefined variable: bind at file E:\wamp\www\Qphp\Framework\Db\Driver\Mysql\Mysql.php(111)
[2014-01-02 23:47:13][NOTICE] Url http://www.q.com/u/rgss Undefined variable: bind at file E:\wamp\www\Qphp\Framework\Db\Driver\Mysql\Mysql.php(111)
[2014-01-02 23:47:15][SUCCESS][Time:0.017848] Url http://www.q.com/topic/24
[2014-01-02 23:47:28][SUCCESS][Time:0.026990] Url http://www.q.com/topic/24
[2014-01-02 23:47:28][SUCCESS][Time:0.020809] Url http://www.q.com/topic/24
[2014-01-02 23:47:29][SUCCESS][Time:0.032330] Url http://www.q.com/topic/24
[2014-01-02 23:49:59][SUCCESS][Time:0.032374] Url http://www.q.com/topic/24
[2014-01-02 23:50:26][SUCCESS][Time:0.031584] Url http://www.q.com/topic/24
[2014-01-02 23:51:22][SUCCESS][Time:0.030226] Url http://www.q.com/topic/24
[2014-01-02 23:53:36][SUCCESS][Time:0.026549] Url http://www.q.com/topic/24
[2014-01-02 23:54:05][SUCCESS][Time:0.031343] Url http://www.q.com/topic/24
[2014-01-02 23:54:16][SUCCESS][Time:0.019766] Url http://www.q.com/topic/24
[2014-01-02 23:54:16][SUCCESS][Time:0.011299] Url http://www.q.com/topic/24
[2014-01-02 23:54:16][SUCCESS][Time:0.028826] Url http://www.q.com/topic/24
[2014-01-02 23:54:17][SUCCESS][Time:0.027593] Url http://www.q.com/topic/24
[2014-01-02 23:55:45][NOTICE] Url http://www.q.com/u Undefined variable: bind at file E:\wamp\www\Qphp\Framework\Db\Driver\Mysql\Mysql.php(111)
[2014-01-02 23:55:45][NOTICE] Url http://www.q.com/u/rgss Undefined variable: bind at file E:\wamp\www\Qphp\Framework\Db\Driver\Mysql\Mysql.php(111)
[2014-01-02 23:55:55][SUCCESS][Time:0.013707] Url http://www.q.com/topic/29
[2014-01-02 23:57:24][SUCCESS][Time:0.023058] Url http://www.q.com/topic/29
[2014-01-02 23:57:44][SUCCESS][Time:0.023683] Url http://www.q.com/topic/29
[2014-01-02 23:58:16][SUCCESS][Time:0.022274] Url http://www.q.com/topic/29
[2014-01-02 23:58:51][SUCCESS][Time:0.029544] Url http://www.q.com/topic/29
[2014-01-02 23:59:02][SUCCESS][Time:0.017202] Url http://www.q.com/topic/29
