[2013-12-29 22:17:34][SUCCESS][Time:0.047282] Url http://www.q.com/u/rgss
[2013-12-29 22:17:34][SUCCESS][Time:0.019004] Url http://www.q.com/u/bootstrap.js
[2013-12-29 22:17:35][SUCCESS][Time:0.018154] Url http://www.q.com/u/rgss
[2013-12-29 22:17:35][SUCCESS][Time:0.010698] Url http://www.q.com/u/bootstrap.js
[2013-12-29 22:22:05][SUCCESS][Time:0.016230] Url http://www.q.com/u/rgss
[2013-12-29 22:22:05][SUCCESS][Time:0.019972] Url http://www.q.com/u/bootstrap.js
[2013-12-29 22:22:07][ERROR] Url http://www.q.com/group 未定义指定控制器/NOT FOUND CONTROLLER: Group
[2013-12-29 22:22:07][ERROR] Url http://www.q.com/group 未定义指定控制器/NOT FOUND CONTROLLER: Group
[2013-12-29 22:35:36][SUCCESS][Time:0.026578] Url http://www.q.com/
[2013-12-29 22:36:14][SUCCESS][Time:0.014922] Url http://www.q.com/
[2013-12-29 22:36:14][SUCCESS][Time:0.032983] Url http://www.q.com/
[2013-12-29 22:36:29][NOTICE] Url http://www.q.com/ Undefined variable: title at file E:\wamp\www\Qphp\Application\Modules\Index\Views\Index.php(4)
[2013-12-29 22:36:29][ERROR] Url http://www.q.com/bootstrap.js 未定义指定控制器/NOT FOUND CONTROLLER: Bootstrap.js
[2013-12-29 22:36:29][ERROR] Url http://www.q.com/bootstrap.js 未定义指定控制器/NOT FOUND CONTROLLER: Bootstrap.js
[2013-12-29 22:38:37][NOTICE] Url http://www.q.com/ Undefined variable: title at file E:\wamp\www\Qphp\Application\Modules\Index\Views\Index.php(4)
[2013-12-29 22:38:37][ERROR] Url http://www.q.com/bootstrap.js 未定义指定控制器/NOT FOUND CONTROLLER: Bootstrap.js
[2013-12-29 22:38:37][ERROR] Url http://www.q.com/bootstrap.js 未定义指定控制器/NOT FOUND CONTROLLER: Bootstrap.js
[2013-12-29 22:42:15][NOTICE] Url http://www.q.com/ Undefined variable: title at file E:\wamp\www\Qphp\Application\Modules\Index\Views\Index.php(4)
[2013-12-29 22:42:15][ERROR] Url http://www.q.com/bootstrap.js 未定义指定控制器/NOT FOUND CONTROLLER: Bootstrap.js
[2013-12-29 22:42:15][ERROR] Url http://www.q.com/bootstrap.js 未定义指定控制器/NOT FOUND CONTROLLER: Bootstrap.js
[2013-12-29 22:42:16][NOTICE] Url http://www.q.com/ Undefined variable: title at file E:\wamp\www\Qphp\Application\Modules\Index\Views\Index.php(4)
[2013-12-29 22:42:16][ERROR] Url http://www.q.com/bootstrap.js 未定义指定控制器/NOT FOUND CONTROLLER: Bootstrap.js
[2013-12-29 22:42:16][ERROR] Url http://www.q.com/bootstrap.js 未定义指定控制器/NOT FOUND CONTROLLER: Bootstrap.js
[2013-12-29 22:42:34][NOTICE] Url http://www.q.com/ Undefined variable: title at file E:\wamp\www\Qphp\Application\Modules\Index\Views\Index.php(4)
[2013-12-29 22:42:34][ERROR] Url http://www.q.com/bootstrap.js 未定义指定控制器/NOT FOUND CONTROLLER: Bootstrap.js
[2013-12-29 22:42:34][ERROR] Url http://www.q.com/bootstrap.js 未定义指定控制器/NOT FOUND CONTROLLER: Bootstrap.js
[2013-12-29 22:42:35][NOTICE] Url http://www.q.com/ Undefined variable: title at file E:\wamp\www\Qphp\Application\Modules\Index\Views\Index.php(4)
[2013-12-29 22:42:35][ERROR] Url http://www.q.com/bootstrap.js 未定义指定控制器/NOT FOUND CONTROLLER: Bootstrap.js
[2013-12-29 22:42:35][ERROR] Url http://www.q.com/bootstrap.js 未定义指定控制器/NOT FOUND CONTROLLER: Bootstrap.js
[2013-12-29 22:42:41][NOTICE] Url http://www.q.com/ Undefined variable: title at file E:\wamp\www\Qphp\Application\Modules\Index\Views\Index.php(4)
[2013-12-29 22:42:41][ERROR] Url http://www.q.com/bootstrap.js 未定义指定控制器/NOT FOUND CONTROLLER: Bootstrap.js
[2013-12-29 22:42:41][ERROR] Url http://www.q.com/bootstrap.js 未定义指定控制器/NOT FOUND CONTROLLER: Bootstrap.js
[2013-12-29 22:43:00][NOTICE] Url http://www.q.com/ Undefined variable: title at file E:\wamp\www\Qphp\Application\Modules\Index\Views\Index.php(4)
[2013-12-29 22:43:00][ERROR] Url http://www.q.com/bootstrap.js 未定义指定控制器/NOT FOUND CONTROLLER: Bootstrap.js
[2013-12-29 22:43:00][ERROR] Url http://www.q.com/bootstrap.js 未定义指定控制器/NOT FOUND CONTROLLER: Bootstrap.js
[2013-12-29 22:43:14][NOTICE] Url http://www.q.com/ Undefined variable: title at file E:\wamp\www\Qphp\Application\Modules\Index\Views\Index.php(4)
[2013-12-29 22:43:14][ERROR] Url http://www.q.com/bootstrap.js 未定义指定控制器/NOT FOUND CONTROLLER: Bootstrap.js
[2013-12-29 22:43:14][ERROR] Url http://www.q.com/bootstrap.js 未定义指定控制器/NOT FOUND CONTROLLER: Bootstrap.js
[2013-12-29 22:44:28][NOTICE] Url http://www.q.com/ Undefined variable: title at file E:\wamp\www\Qphp\Application\Modules\Index\Views\Index.php(4)
[2013-12-29 22:44:28][ERROR] Url http://www.q.com/bootstrap.js 未定义指定控制器/NOT FOUND CONTROLLER: Bootstrap.js
[2013-12-29 22:44:28][ERROR] Url http://www.q.com/bootstrap.js 未定义指定控制器/NOT FOUND CONTROLLER: Bootstrap.js
[2013-12-29 22:44:33][SUCCESS][Time:0.025478] Url http://www.q.com/user
[2013-12-29 22:44:33][NOTICE] Url http://www.q.com/u Undefined variable: id at file E:\wamp\www\Qphp\Application\Modules\U\Controllers\UController.php(15)
[2013-12-29 22:44:33][SUCCESS][Time:0.021799] Url http://www.q.com/u/rgss
[2013-12-29 22:44:33][SUCCESS][Time:0.019625] Url http://www.q.com/u/bootstrap.js
[2013-12-29 22:45:02][NOTICE] Url http://www.q.com/ Undefined variable: title at file E:\wamp\www\Qphp\Application\Modules\Index\Views\Index.php(4)
[2013-12-29 22:45:03][ERROR] Url http://www.q.com/bootstrap.js 未定义指定控制器/NOT FOUND CONTROLLER: Bootstrap.js
[2013-12-29 22:45:03][ERROR] Url http://www.q.com/bootstrap.js 未定义指定控制器/NOT FOUND CONTROLLER: Bootstrap.js
[2013-12-29 22:45:03][NOTICE] Url http://www.q.com/ Undefined variable: title at file E:\wamp\www\Qphp\Application\Modules\Index\Views\Index.php(4)
[2013-12-29 22:45:03][ERROR] Url http://www.q.com/bootstrap.js 未定义指定控制器/NOT FOUND CONTROLLER: Bootstrap.js
[2013-12-29 22:45:03][ERROR] Url http://www.q.com/bootstrap.js 未定义指定控制器/NOT FOUND CONTROLLER: Bootstrap.js
[2013-12-29 22:45:27][NOTICE] Url http://www.q.com/ Undefined variable: title at file E:\wamp\www\Qphp\Application\Modules\Index\Views\Index.php(4)
[2013-12-29 22:45:27][ERROR] Url http://www.q.com/bootstrap.js 未定义指定控制器/NOT FOUND CONTROLLER: Bootstrap.js
[2013-12-29 22:45:27][ERROR] Url http://www.q.com/bootstrap.js 未定义指定控制器/NOT FOUND CONTROLLER: Bootstrap.js
[2013-12-29 22:46:06][NOTICE] Url http://www.q.com/ Undefined variable: title at file E:\wamp\www\Qphp\Application\Modules\Index\Views\Index.php(4)
[2013-12-29 22:46:06][ERROR] Url http://www.q.com/bootstrap.js 未定义指定控制器/NOT FOUND CONTROLLER: Bootstrap.js
[2013-12-29 22:46:06][ERROR] Url http://www.q.com/bootstrap.js 未定义指定控制器/NOT FOUND CONTROLLER: Bootstrap.js
[2013-12-29 22:46:07][NOTICE] Url http://www.q.com/ Undefined variable: title at file E:\wamp\www\Qphp\Application\Modules\Index\Views\Index.php(4)
[2013-12-29 22:46:07][ERROR] Url http://www.q.com/bootstrap.js 未定义指定控制器/NOT FOUND CONTROLLER: Bootstrap.js
[2013-12-29 22:46:07][ERROR] Url http://www.q.com/bootstrap.js 未定义指定控制器/NOT FOUND CONTROLLER: Bootstrap.js
[2013-12-29 22:46:49][NOTICE] Url http://www.q.com/ Undefined variable: title at file E:\wamp\www\Qphp\Application\Modules\Index\Views\Index.php(4)
[2013-12-29 22:46:49][ERROR] Url http://www.q.com/bootstrap.js 未定义指定控制器/NOT FOUND CONTROLLER: Bootstrap.js
[2013-12-29 22:46:49][ERROR] Url http://www.q.com/bootstrap.js 未定义指定控制器/NOT FOUND CONTROLLER: Bootstrap.js
[2013-12-29 22:46:50][NOTICE] Url http://www.q.com/ Undefined variable: title at file E:\wamp\www\Qphp\Application\Modules\Index\Views\Index.php(4)
[2013-12-29 22:46:50][ERROR] Url http://www.q.com/bootstrap.js 未定义指定控制器/NOT FOUND CONTROLLER: Bootstrap.js
[2013-12-29 22:46:50][ERROR] Url http://www.q.com/bootstrap.js 未定义指定控制器/NOT FOUND CONTROLLER: Bootstrap.js
[2013-12-29 22:47:01][NOTICE] Url http://www.q.com/ Undefined variable: title at file E:\wamp\www\Qphp\Application\Modules\Index\Views\Index.php(4)
[2013-12-29 22:47:01][ERROR] Url http://www.q.com/bootstrap.js 未定义指定控制器/NOT FOUND CONTROLLER: Bootstrap.js
[2013-12-29 22:47:01][ERROR] Url http://www.q.com/bootstrap.js 未定义指定控制器/NOT FOUND CONTROLLER: Bootstrap.js
[2013-12-29 22:47:12][NOTICE] Url http://www.q.com/ Undefined variable: title at file E:\wamp\www\Qphp\Application\Modules\Index\Views\Index.php(4)
[2013-12-29 22:47:12][ERROR] Url http://www.q.com/bootstrap.js 未定义指定控制器/NOT FOUND CONTROLLER: Bootstrap.js
[2013-12-29 22:47:12][ERROR] Url http://www.q.com/bootstrap.js 未定义指定控制器/NOT FOUND CONTROLLER: Bootstrap.js
[2013-12-29 22:47:29][NOTICE] Url http://www.q.com/ Undefined variable: title at file E:\wamp\www\Qphp\Application\Modules\Index\Views\Index.php(4)
[2013-12-29 22:47:30][ERROR] Url http://www.q.com/bootstrap.js 未定义指定控制器/NOT FOUND CONTROLLER: Bootstrap.js
[2013-12-29 22:47:30][ERROR] Url http://www.q.com/bootstrap.js 未定义指定控制器/NOT FOUND CONTROLLER: Bootstrap.js
[2013-12-29 22:48:23][NOTICE] Url http://www.q.com/ Undefined variable: title at file E:\wamp\www\Qphp\Application\Modules\Index\Views\Index.php(4)
[2013-12-29 22:48:23][ERROR] Url http://www.q.com/bootstrap.js 未定义指定控制器/NOT FOUND CONTROLLER: Bootstrap.js
[2013-12-29 22:48:23][ERROR] Url http://www.q.com/bootstrap.js 未定义指定控制器/NOT FOUND CONTROLLER: Bootstrap.js
[2013-12-29 22:49:18][NOTICE] Url http://www.q.com/ Undefined variable: title at file E:\wamp\www\Qphp\Application\Modules\Index\Views\Index.php(4)
[2013-12-29 22:49:18][ERROR] Url http://www.q.com/bootstrap.js 未定义指定控制器/NOT FOUND CONTROLLER: Bootstrap.js
[2013-12-29 22:49:18][ERROR] Url http://www.q.com/bootstrap.js 未定义指定控制器/NOT FOUND CONTROLLER: Bootstrap.js
[2013-12-29 22:49:54][NOTICE] Url http://www.q.com/ Undefined variable: title at file E:\wamp\www\Qphp\Application\Modules\Index\Views\Index.php(4)
[2013-12-29 22:49:54][ERROR] Url http://www.q.com/bootstrap.js 未定义指定控制器/NOT FOUND CONTROLLER: Bootstrap.js
[2013-12-29 22:49:54][ERROR] Url http://www.q.com/bootstrap.js 未定义指定控制器/NOT FOUND CONTROLLER: Bootstrap.js
[2013-12-29 22:49:59][NOTICE] Url http://www.q.com/ Undefined variable: title at file E:\wamp\www\Qphp\Application\Modules\Index\Views\Index.php(4)
[2013-12-29 22:49:59][ERROR] Url http://www.q.com/bootstrap.js 未定义指定控制器/NOT FOUND CONTROLLER: Bootstrap.js
[2013-12-29 22:49:59][ERROR] Url http://www.q.com/bootstrap.js 未定义指定控制器/NOT FOUND CONTROLLER: Bootstrap.js
[2013-12-29 22:50:10][NOTICE] Url http://www.q.com/ Undefined variable: title at file E:\wamp\www\Qphp\Application\Modules\Index\Views\Index.php(4)
[2013-12-29 22:50:10][ERROR] Url http://www.q.com/bootstrap.js 未定义指定控制器/NOT FOUND CONTROLLER: Bootstrap.js
[2013-12-29 22:50:10][ERROR] Url http://www.q.com/bootstrap.js 未定义指定控制器/NOT FOUND CONTROLLER: Bootstrap.js
[2013-12-29 22:50:52][NOTICE] Url http://www.q.com/ Undefined variable: title at file E:\wamp\www\Qphp\Application\Modules\Index\Views\Index.php(4)
[2013-12-29 22:50:52][ERROR] Url http://www.q.com/bootstrap.js 未定义指定控制器/NOT FOUND CONTROLLER: Bootstrap.js
[2013-12-29 22:50:52][ERROR] Url http://www.q.com/bootstrap.js 未定义指定控制器/NOT FOUND CONTROLLER: Bootstrap.js
[2013-12-29 22:50:53][NOTICE] Url http://www.q.com/ Undefined variable: title at file E:\wamp\www\Qphp\Application\Modules\Index\Views\Index.php(4)
[2013-12-29 22:50:53][ERROR] Url http://www.q.com/bootstrap.js 未定义指定控制器/NOT FOUND CONTROLLER: Bootstrap.js
[2013-12-29 22:50:53][ERROR] Url http://www.q.com/bootstrap.js 未定义指定控制器/NOT FOUND CONTROLLER: Bootstrap.js
[2013-12-29 22:52:02][NOTICE] Url http://www.q.com/ Undefined variable: title at file E:\wamp\www\Qphp\Application\Modules\Index\Views\Index.php(4)
[2013-12-29 22:52:02][ERROR] Url http://www.q.com/bootstrap.js 未定义指定控制器/NOT FOUND CONTROLLER: Bootstrap.js
[2013-12-29 22:52:02][ERROR] Url http://www.q.com/bootstrap.js 未定义指定控制器/NOT FOUND CONTROLLER: Bootstrap.js
[2013-12-29 22:52:17][NOTICE] Url http://www.q.com/ Undefined variable: title at file E:\wamp\www\Qphp\Application\Modules\Index\Views\Index.php(4)
[2013-12-29 22:52:17][ERROR] Url http://www.q.com/bootstrap.js 未定义指定控制器/NOT FOUND CONTROLLER: Bootstrap.js
[2013-12-29 22:52:17][ERROR] Url http://www.q.com/bootstrap.js 未定义指定控制器/NOT FOUND CONTROLLER: Bootstrap.js
[2013-12-29 22:59:23][NOTICE] Url http://www.q.com/ Undefined variable: title at file E:\wamp\www\Qphp\Application\Modules\Index\Views\Index.php(4)
[2013-12-29 22:59:23][ERROR] Url http://www.q.com/bootstrap.js 未定义指定控制器/NOT FOUND CONTROLLER: Bootstrap.js
[2013-12-29 22:59:23][ERROR] Url http://www.q.com/bootstrap.js 未定义指定控制器/NOT FOUND CONTROLLER: Bootstrap.js
[2013-12-29 23:00:05][NOTICE] Url http://www.q.com/ Undefined variable: title at file E:\wamp\www\Qphp\Application\Modules\Index\Views\Index.php(4)
[2013-12-29 23:00:05][ERROR] Url http://www.q.com/bootstrap.js 未定义指定控制器/NOT FOUND CONTROLLER: Bootstrap.js
[2013-12-29 23:00:05][ERROR] Url http://www.q.com/bootstrap.js 未定义指定控制器/NOT FOUND CONTROLLER: Bootstrap.js
[2013-12-29 23:02:53][NOTICE] Url http://www.q.com/ Undefined variable: title at file E:\wamp\www\Qphp\Application\Modules\Index\Views\Index.php(4)
[2013-12-29 23:02:53][ERROR] Url http://www.q.com/bootstrap.js 未定义指定控制器/NOT FOUND CONTROLLER: Bootstrap.js
[2013-12-29 23:02:53][ERROR] Url http://www.q.com/bootstrap.js 未定义指定控制器/NOT FOUND CONTROLLER: Bootstrap.js
[2013-12-29 23:03:19][NOTICE] Url http://www.q.com/ Undefined variable: title at file E:\wamp\www\Qphp\Application\Modules\Index\Views\Index.php(4)
[2013-12-29 23:03:19][ERROR] Url http://www.q.com/bootstrap.js 未定义指定控制器/NOT FOUND CONTROLLER: Bootstrap.js
[2013-12-29 23:03:19][ERROR] Url http://www.q.com/bootstrap.js 未定义指定控制器/NOT FOUND CONTROLLER: Bootstrap.js
[2013-12-29 23:04:03][NOTICE] Url http://www.q.com/ Undefined variable: title at file E:\wamp\www\Qphp\Application\Modules\Index\Views\Index.php(4)
[2013-12-29 23:04:03][ERROR] Url http://www.q.com/bootstrap.js 未定义指定控制器/NOT FOUND CONTROLLER: Bootstrap.js
[2013-12-29 23:04:03][ERROR] Url http://www.q.com/bootstrap.js 未定义指定控制器/NOT FOUND CONTROLLER: Bootstrap.js
[2013-12-29 23:04:59][NOTICE] Url http://www.q.com/ Undefined variable: title at file E:\wamp\www\Qphp\Application\Modules\Index\Views\Index.php(4)
[2013-12-29 23:04:59][ERROR] Url http://www.q.com/bootstrap.js 未定义指定控制器/NOT FOUND CONTROLLER: Bootstrap.js
[2013-12-29 23:04:59][ERROR] Url http://www.q.com/bootstrap.js 未定义指定控制器/NOT FOUND CONTROLLER: Bootstrap.js
[2013-12-29 23:08:45][NOTICE] Url http://www.q.com/ Undefined variable: title at file E:\wamp\www\Qphp\Application\Modules\Index\Views\Index.php(4)
[2013-12-29 23:08:45][ERROR] Url http://www.q.com/bootstrap.js 未定义指定控制器/NOT FOUND CONTROLLER: Bootstrap.js
[2013-12-29 23:08:45][ERROR] Url http://www.q.com/bootstrap.js 未定义指定控制器/NOT FOUND CONTROLLER: Bootstrap.js
[2013-12-29 23:08:46][NOTICE] Url http://www.q.com/ Undefined variable: title at file E:\wamp\www\Qphp\Application\Modules\Index\Views\Index.php(4)
[2013-12-29 23:08:46][ERROR] Url http://www.q.com/bootstrap.js 未定义指定控制器/NOT FOUND CONTROLLER: Bootstrap.js
[2013-12-29 23:08:46][ERROR] Url http://www.q.com/bootstrap.js 未定义指定控制器/NOT FOUND CONTROLLER: Bootstrap.js
[2013-12-29 23:09:01][NOTICE] Url http://www.q.com/ Undefined variable: title at file E:\wamp\www\Qphp\Application\Modules\Index\Views\Index.php(4)
[2013-12-29 23:09:01][ERROR] Url http://www.q.com/bootstrap.js 未定义指定控制器/NOT FOUND CONTROLLER: Bootstrap.js
[2013-12-29 23:09:01][ERROR] Url http://www.q.com/bootstrap.js 未定义指定控制器/NOT FOUND CONTROLLER: Bootstrap.js
[2013-12-29 23:10:07][NOTICE] Url http://www.q.com/ Undefined variable: title at file E:\wamp\www\Qphp\Application\Modules\Index\Views\Index.php(4)
[2013-12-29 23:10:07][ERROR] Url http://www.q.com/bootstrap.js 未定义指定控制器/NOT FOUND CONTROLLER: Bootstrap.js
[2013-12-29 23:10:07][ERROR] Url http://www.q.com/bootstrap.js 未定义指定控制器/NOT FOUND CONTROLLER: Bootstrap.js
[2013-12-29 23:10:08][NOTICE] Url http://www.q.com/ Undefined variable: title at file E:\wamp\www\Qphp\Application\Modules\Index\Views\Index.php(4)
[2013-12-29 23:10:08][ERROR] Url http://www.q.com/bootstrap.js 未定义指定控制器/NOT FOUND CONTROLLER: Bootstrap.js
[2013-12-29 23:10:08][ERROR] Url http://www.q.com/bootstrap.js 未定义指定控制器/NOT FOUND CONTROLLER: Bootstrap.js
[2013-12-29 23:10:08][NOTICE] Url http://www.q.com/ Undefined variable: title at file E:\wamp\www\Qphp\Application\Modules\Index\Views\Index.php(4)
[2013-12-29 23:10:08][ERROR] Url http://www.q.com/bootstrap.js 未定义指定控制器/NOT FOUND CONTROLLER: Bootstrap.js
[2013-12-29 23:10:08][ERROR] Url http://www.q.com/bootstrap.js 未定义指定控制器/NOT FOUND CONTROLLER: Bootstrap.js
[2013-12-29 23:10:09][NOTICE] Url http://www.q.com/ Undefined variable: title at file E:\wamp\www\Qphp\Application\Modules\Index\Views\Index.php(4)
[2013-12-29 23:10:09][ERROR] Url http://www.q.com/bootstrap.js 未定义指定控制器/NOT FOUND CONTROLLER: Bootstrap.js
[2013-12-29 23:10:09][ERROR] Url http://www.q.com/bootstrap.js 未定义指定控制器/NOT FOUND CONTROLLER: Bootstrap.js
[2013-12-29 23:10:35][NOTICE] Url http://www.q.com/ Undefined variable: title at file E:\wamp\www\Qphp\Application\Modules\Index\Views\Index.php(4)
[2013-12-29 23:10:35][ERROR] Url http://www.q.com/bootstrap.js 未定义指定控制器/NOT FOUND CONTROLLER: Bootstrap.js
[2013-12-29 23:10:35][ERROR] Url http://www.q.com/bootstrap.js 未定义指定控制器/NOT FOUND CONTROLLER: Bootstrap.js
[2013-12-29 23:10:35][NOTICE] Url http://www.q.com/ Undefined variable: title at file E:\wamp\www\Qphp\Application\Modules\Index\Views\Index.php(4)
[2013-12-29 23:10:35][ERROR] Url http://www.q.com/bootstrap.js 未定义指定控制器/NOT FOUND CONTROLLER: Bootstrap.js
[2013-12-29 23:10:35][ERROR] Url http://www.q.com/bootstrap.js 未定义指定控制器/NOT FOUND CONTROLLER: Bootstrap.js
[2013-12-29 23:11:20][NOTICE] Url http://www.q.com/ Undefined variable: title at file E:\wamp\www\Qphp\Application\Modules\Index\Views\Index.php(4)
[2013-12-29 23:11:20][ERROR] Url http://www.q.com/bootstrap.js 未定义指定控制器/NOT FOUND CONTROLLER: Bootstrap.js
[2013-12-29 23:11:20][ERROR] Url http://www.q.com/bootstrap.js 未定义指定控制器/NOT FOUND CONTROLLER: Bootstrap.js
[2013-12-29 23:12:58][NOTICE] Url http://www.q.com/ Undefined variable: title at file E:\wamp\www\Qphp\Application\Modules\Index\Views\Index.php(4)
[2013-12-29 23:12:58][ERROR] Url http://www.q.com/bootstrap.js 未定义指定控制器/NOT FOUND CONTROLLER: Bootstrap.js
[2013-12-29 23:12:58][ERROR] Url http://www.q.com/bootstrap.js 未定义指定控制器/NOT FOUND CONTROLLER: Bootstrap.js
[2013-12-29 23:13:17][NOTICE] Url http://www.q.com/ Undefined variable: title at file E:\wamp\www\Qphp\Application\Modules\Index\Views\Index.php(4)
[2013-12-29 23:13:17][ERROR] Url http://www.q.com/bootstrap.js 未定义指定控制器/NOT FOUND CONTROLLER: Bootstrap.js
[2013-12-29 23:13:17][ERROR] Url http://www.q.com/bootstrap.js 未定义指定控制器/NOT FOUND CONTROLLER: Bootstrap.js
[2013-12-29 23:13:40][NOTICE] Url http://www.q.com/ Undefined variable: title at file E:\wamp\www\Qphp\Application\Modules\Index\Views\Index.php(4)
[2013-12-29 23:13:40][ERROR] Url http://www.q.com/bootstrap.js 未定义指定控制器/NOT FOUND CONTROLLER: Bootstrap.js
[2013-12-29 23:13:40][ERROR] Url http://www.q.com/bootstrap.js 未定义指定控制器/NOT FOUND CONTROLLER: Bootstrap.js
[2013-12-29 23:13:41][NOTICE] Url http://www.q.com/ Undefined variable: title at file E:\wamp\www\Qphp\Application\Modules\Index\Views\Index.php(4)
[2013-12-29 23:13:41][ERROR] Url http://www.q.com/bootstrap.js 未定义指定控制器/NOT FOUND CONTROLLER: Bootstrap.js
[2013-12-29 23:13:41][ERROR] Url http://www.q.com/bootstrap.js 未定义指定控制器/NOT FOUND CONTROLLER: Bootstrap.js
[2013-12-29 23:13:55][NOTICE] Url http://www.q.com/ Undefined variable: title at file E:\wamp\www\Qphp\Application\Modules\Index\Views\Index.php(4)
[2013-12-29 23:13:55][ERROR] Url http://www.q.com/bootstrap.js 未定义指定控制器/NOT FOUND CONTROLLER: Bootstrap.js
[2013-12-29 23:13:55][ERROR] Url http://www.q.com/bootstrap.js 未定义指定控制器/NOT FOUND CONTROLLER: Bootstrap.js
[2013-12-29 23:15:22][NOTICE] Url http://www.q.com/ Undefined variable: title at file E:\wamp\www\Qphp\Application\Modules\Index\Views\Index.php(4)
[2013-12-29 23:15:22][ERROR] Url http://www.q.com/bootstrap.js 未定义指定控制器/NOT FOUND CONTROLLER: Bootstrap.js
[2013-12-29 23:15:22][ERROR] Url http://www.q.com/bootstrap.js 未定义指定控制器/NOT FOUND CONTROLLER: Bootstrap.js
[2013-12-29 23:15:58][NOTICE] Url http://www.q.com/ Undefined variable: title at file E:\wamp\www\Qphp\Application\Modules\Index\Views\Index.php(4)
[2013-12-29 23:15:58][ERROR] Url http://www.q.com/bootstrap.js 未定义指定控制器/NOT FOUND CONTROLLER: Bootstrap.js
[2013-12-29 23:15:58][ERROR] Url http://www.q.com/bootstrap.js 未定义指定控制器/NOT FOUND CONTROLLER: Bootstrap.js
[2013-12-29 23:16:18][NOTICE] Url http://www.q.com/ Undefined variable: title at file E:\wamp\www\Qphp\Application\Modules\Index\Views\Index.php(4)
[2013-12-29 23:16:18][ERROR] Url http://www.q.com/bootstrap.js 未定义指定控制器/NOT FOUND CONTROLLER: Bootstrap.js
[2013-12-29 23:16:18][ERROR] Url http://www.q.com/bootstrap.js 未定义指定控制器/NOT FOUND CONTROLLER: Bootstrap.js
[2013-12-29 23:16:41][NOTICE] Url http://www.q.com/ Undefined variable: title at file E:\wamp\www\Qphp\Application\Modules\Index\Views\Index.php(4)
[2013-12-29 23:16:41][ERROR] Url http://www.q.com/bootstrap.js 未定义指定控制器/NOT FOUND CONTROLLER: Bootstrap.js
[2013-12-29 23:16:41][ERROR] Url http://www.q.com/bootstrap.js 未定义指定控制器/NOT FOUND CONTROLLER: Bootstrap.js
[2013-12-29 23:16:57][NOTICE] Url http://www.q.com/ Undefined variable: title at file E:\wamp\www\Qphp\Application\Modules\Index\Views\Index.php(4)
[2013-12-29 23:16:57][ERROR] Url http://www.q.com/bootstrap.js 未定义指定控制器/NOT FOUND CONTROLLER: Bootstrap.js
[2013-12-29 23:16:57][ERROR] Url http://www.q.com/bootstrap.js 未定义指定控制器/NOT FOUND CONTROLLER: Bootstrap.js
[2013-12-29 23:17:46][NOTICE] Url http://www.q.com/ Undefined variable: title at file E:\wamp\www\Qphp\Application\Modules\Index\Views\Index.php(4)
[2013-12-29 23:17:46][ERROR] Url http://www.q.com/bootstrap.js 未定义指定控制器/NOT FOUND CONTROLLER: Bootstrap.js
[2013-12-29 23:17:46][ERROR] Url http://www.q.com/bootstrap.js 未定义指定控制器/NOT FOUND CONTROLLER: Bootstrap.js
[2013-12-29 23:17:46][NOTICE] Url http://www.q.com/ Undefined variable: title at file E:\wamp\www\Qphp\Application\Modules\Index\Views\Index.php(4)
[2013-12-29 23:17:46][ERROR] Url http://www.q.com/bootstrap.js 未定义指定控制器/NOT FOUND CONTROLLER: Bootstrap.js
[2013-12-29 23:17:46][ERROR] Url http://www.q.com/bootstrap.js 未定义指定控制器/NOT FOUND CONTROLLER: Bootstrap.js
[2013-12-29 23:18:12][NOTICE] Url http://www.q.com/ Undefined variable: title at file E:\wamp\www\Qphp\Application\Modules\Index\Views\Index.php(4)
[2013-12-29 23:18:12][ERROR] Url http://www.q.com/bootstrap.js 未定义指定控制器/NOT FOUND CONTROLLER: Bootstrap.js
[2013-12-29 23:18:12][ERROR] Url http://www.q.com/bootstrap.js 未定义指定控制器/NOT FOUND CONTROLLER: Bootstrap.js
[2013-12-29 23:18:17][NOTICE] Url http://www.q.com/ Undefined variable: title at file E:\wamp\www\Qphp\Application\Modules\Index\Views\Index.php(4)
[2013-12-29 23:18:17][ERROR] Url http://www.q.com/bootstrap.js 未定义指定控制器/NOT FOUND CONTROLLER: Bootstrap.js
[2013-12-29 23:18:17][ERROR] Url http://www.q.com/bootstrap.js 未定义指定控制器/NOT FOUND CONTROLLER: Bootstrap.js
[2013-12-29 23:19:21][NOTICE] Url http://www.q.com/ Undefined variable: title at file E:\wamp\www\Qphp\Application\Modules\Index\Views\Index.php(4)
[2013-12-29 23:19:21][ERROR] Url http://www.q.com/bootstrap.js 未定义指定控制器/NOT FOUND CONTROLLER: Bootstrap.js
[2013-12-29 23:19:21][ERROR] Url http://www.q.com/bootstrap.js 未定义指定控制器/NOT FOUND CONTROLLER: Bootstrap.js
[2013-12-29 23:19:38][NOTICE] Url http://www.q.com/ Undefined variable: title at file E:\wamp\www\Qphp\Application\Modules\Index\Views\Index.php(4)
[2013-12-29 23:19:38][ERROR] Url http://www.q.com/bootstrap.js 未定义指定控制器/NOT FOUND CONTROLLER: Bootstrap.js
[2013-12-29 23:19:38][ERROR] Url http://www.q.com/bootstrap.js 未定义指定控制器/NOT FOUND CONTROLLER: Bootstrap.js
[2013-12-29 23:20:14][NOTICE] Url http://www.q.com/ Undefined variable: title at file E:\wamp\www\Qphp\Application\Modules\Index\Views\Index.php(4)
[2013-12-29 23:20:14][ERROR] Url http://www.q.com/bootstrap.js 未定义指定控制器/NOT FOUND CONTROLLER: Bootstrap.js
[2013-12-29 23:20:14][ERROR] Url http://www.q.com/bootstrap.js 未定义指定控制器/NOT FOUND CONTROLLER: Bootstrap.js
[2013-12-29 23:20:15][NOTICE] Url http://www.q.com/ Undefined variable: title at file E:\wamp\www\Qphp\Application\Modules\Index\Views\Index.php(4)
[2013-12-29 23:20:15][ERROR] Url http://www.q.com/bootstrap.js 未定义指定控制器/NOT FOUND CONTROLLER: Bootstrap.js
[2013-12-29 23:20:15][ERROR] Url http://www.q.com/bootstrap.js 未定义指定控制器/NOT FOUND CONTROLLER: Bootstrap.js
[2013-12-29 23:20:37][NOTICE] Url http://www.q.com/ Undefined variable: title at file E:\wamp\www\Qphp\Application\Modules\Index\Views\Index.php(4)
[2013-12-29 23:20:37][ERROR] Url http://www.q.com/bootstrap.js 未定义指定控制器/NOT FOUND CONTROLLER: Bootstrap.js
[2013-12-29 23:20:37][ERROR] Url http://www.q.com/bootstrap.js 未定义指定控制器/NOT FOUND CONTROLLER: Bootstrap.js
[2013-12-29 23:20:38][NOTICE] Url http://www.q.com/ Undefined variable: title at file E:\wamp\www\Qphp\Application\Modules\Index\Views\Index.php(4)
[2013-12-29 23:20:38][ERROR] Url http://www.q.com/bootstrap.js 未定义指定控制器/NOT FOUND CONTROLLER: Bootstrap.js
[2013-12-29 23:20:38][ERROR] Url http://www.q.com/bootstrap.js 未定义指定控制器/NOT FOUND CONTROLLER: Bootstrap.js
[2013-12-29 23:21:12][NOTICE] Url http://www.q.com/ Undefined variable: title at file E:\wamp\www\Qphp\Application\Modules\Index\Views\Index.php(4)
[2013-12-29 23:21:12][ERROR] Url http://www.q.com/bootstrap.js 未定义指定控制器/NOT FOUND CONTROLLER: Bootstrap.js
[2013-12-29 23:21:12][ERROR] Url http://www.q.com/bootstrap.js 未定义指定控制器/NOT FOUND CONTROLLER: Bootstrap.js
[2013-12-29 23:21:22][NOTICE] Url http://www.q.com/ Undefined variable: title at file E:\wamp\www\Qphp\Application\Modules\Index\Views\Index.php(4)
[2013-12-29 23:21:22][ERROR] Url http://www.q.com/bootstrap.js 未定义指定控制器/NOT FOUND CONTROLLER: Bootstrap.js
[2013-12-29 23:21:22][ERROR] Url http://www.q.com/bootstrap.js 未定义指定控制器/NOT FOUND CONTROLLER: Bootstrap.js
[2013-12-29 23:22:32][NOTICE] Url http://www.q.com/ Undefined variable: title at file E:\wamp\www\Qphp\Application\Modules\Index\Views\Index.php(4)
[2013-12-29 23:22:32][ERROR] Url http://www.q.com/bootstrap.js 未定义指定控制器/NOT FOUND CONTROLLER: Bootstrap.js
[2013-12-29 23:22:32][ERROR] Url http://www.q.com/bootstrap.js 未定义指定控制器/NOT FOUND CONTROLLER: Bootstrap.js
[2013-12-29 23:22:49][NOTICE] Url http://www.q.com/ Undefined variable: title at file E:\wamp\www\Qphp\Application\Modules\Index\Views\Index.php(4)
[2013-12-29 23:22:49][ERROR] Url http://www.q.com/bootstrap.js 未定义指定控制器/NOT FOUND CONTROLLER: Bootstrap.js
[2013-12-29 23:22:49][ERROR] Url http://www.q.com/bootstrap.js 未定义指定控制器/NOT FOUND CONTROLLER: Bootstrap.js
[2013-12-29 23:22:52][NOTICE] Url http://www.q.com/ Undefined variable: title at file E:\wamp\www\Qphp\Application\Modules\Index\Views\Index.php(4)
[2013-12-29 23:22:52][ERROR] Url http://www.q.com/bootstrap.js 未定义指定控制器/NOT FOUND CONTROLLER: Bootstrap.js
[2013-12-29 23:22:52][ERROR] Url http://www.q.com/bootstrap.js 未定义指定控制器/NOT FOUND CONTROLLER: Bootstrap.js
[2013-12-29 23:23:16][NOTICE] Url http://www.q.com/ Undefined variable: title at file E:\wamp\www\Qphp\Application\Modules\Index\Views\Index.php(4)
[2013-12-29 23:23:16][ERROR] Url http://www.q.com/bootstrap.js 未定义指定控制器/NOT FOUND CONTROLLER: Bootstrap.js
[2013-12-29 23:23:16][ERROR] Url http://www.q.com/bootstrap.js 未定义指定控制器/NOT FOUND CONTROLLER: Bootstrap.js
[2013-12-29 23:23:18][NOTICE] Url http://www.q.com/ Undefined variable: title at file E:\wamp\www\Qphp\Application\Modules\Index\Views\Index.php(4)
[2013-12-29 23:23:18][ERROR] Url http://www.q.com/bootstrap.js 未定义指定控制器/NOT FOUND CONTROLLER: Bootstrap.js
[2013-12-29 23:23:18][ERROR] Url http://www.q.com/bootstrap.js 未定义指定控制器/NOT FOUND CONTROLLER: Bootstrap.js
[2013-12-29 23:23:37][NOTICE] Url http://www.q.com/ Undefined variable: title at file E:\wamp\www\Qphp\Application\Modules\Index\Views\Index.php(4)
[2013-12-29 23:23:37][ERROR] Url http://www.q.com/bootstrap.js 未定义指定控制器/NOT FOUND CONTROLLER: Bootstrap.js
[2013-12-29 23:23:37][ERROR] Url http://www.q.com/bootstrap.js 未定义指定控制器/NOT FOUND CONTROLLER: Bootstrap.js
[2013-12-29 23:23:39][NOTICE] Url http://www.q.com/ Undefined variable: title at file E:\wamp\www\Qphp\Application\Modules\Index\Views\Index.php(4)
[2013-12-29 23:23:39][ERROR] Url http://www.q.com/bootstrap.js 未定义指定控制器/NOT FOUND CONTROLLER: Bootstrap.js
[2013-12-29 23:23:39][ERROR] Url http://www.q.com/bootstrap.js 未定义指定控制器/NOT FOUND CONTROLLER: Bootstrap.js
[2013-12-29 23:24:07][NOTICE] Url http://www.q.com/ Undefined variable: title at file E:\wamp\www\Qphp\Application\Modules\Index\Views\Index.php(4)
[2013-12-29 23:24:07][ERROR] Url http://www.q.com/bootstrap.js 未定义指定控制器/NOT FOUND CONTROLLER: Bootstrap.js
[2013-12-29 23:24:07][ERROR] Url http://www.q.com/bootstrap.js 未定义指定控制器/NOT FOUND CONTROLLER: Bootstrap.js
[2013-12-29 23:25:18][NOTICE] Url http://www.q.com/ Undefined variable: title at file E:\wamp\www\Qphp\Application\Modules\Index\Views\Index.php(4)
[2013-12-29 23:25:18][ERROR] Url http://www.q.com/bootstrap.js 未定义指定控制器/NOT FOUND CONTROLLER: Bootstrap.js
[2013-12-29 23:25:18][ERROR] Url http://www.q.com/bootstrap.js 未定义指定控制器/NOT FOUND CONTROLLER: Bootstrap.js
[2013-12-29 23:25:31][NOTICE] Url http://www.q.com/ Undefined variable: title at file E:\wamp\www\Qphp\Application\Modules\Index\Views\Index.php(4)
[2013-12-29 23:25:31][ERROR] Url http://www.q.com/bootstrap.js 未定义指定控制器/NOT FOUND CONTROLLER: Bootstrap.js
[2013-12-29 23:25:31][ERROR] Url http://www.q.com/bootstrap.js 未定义指定控制器/NOT FOUND CONTROLLER: Bootstrap.js
[2013-12-29 23:25:41][NOTICE] Url http://www.q.com/ Undefined variable: title at file E:\wamp\www\Qphp\Application\Modules\Index\Views\Index.php(4)
[2013-12-29 23:25:41][ERROR] Url http://www.q.com/bootstrap.js 未定义指定控制器/NOT FOUND CONTROLLER: Bootstrap.js
[2013-12-29 23:25:41][ERROR] Url http://www.q.com/bootstrap.js 未定义指定控制器/NOT FOUND CONTROLLER: Bootstrap.js
[2013-12-29 23:26:27][NOTICE] Url http://www.q.com/ Undefined variable: title at file E:\wamp\www\Qphp\Application\Modules\Index\Views\Index.php(4)
[2013-12-29 23:26:27][ERROR] Url http://www.q.com/bootstrap.js 未定义指定控制器/NOT FOUND CONTROLLER: Bootstrap.js
[2013-12-29 23:26:27][ERROR] Url http://www.q.com/bootstrap.js 未定义指定控制器/NOT FOUND CONTROLLER: Bootstrap.js
[2013-12-29 23:26:33][WARNING] Url http://www.q.com/user/register base64_encode() expects parameter 1 to be string, array given at file E:\wamp\www\Qphp\Application\Modules\User\Helpers\User.php(14)
[2013-12-29 23:26:33][SUCCESS][Time:0.019062] Url http://www.q.com/user
[2013-12-29 23:26:33][NOTICE] Url http://www.q.com/u Undefined variable: id at file E:\wamp\www\Qphp\Application\Modules\U\Controllers\UController.php(15)
[2013-12-29 23:26:33][NOTICE] Url http://www.q.com/user/login?backurl=aHR0cDovL3d3dy5xLmNvbS91 Undefined variable: title at file E:\wamp\www\Qphp\Application\Modules\User\Views\Login.php(4)
[2013-12-29 23:26:34][SUCCESS][Time:0.020532] Url http://www.q.com/user/bootstrap.js
[2013-12-29 23:26:34][NOTICE] Url http://www.q.com/u Undefined variable: id at file E:\wamp\www\Qphp\Application\Modules\U\Controllers\UController.php(15)
[2013-12-29 23:26:34][NOTICE] Url http://www.q.com/user/login?backurl=aHR0cDovL3d3dy5xLmNvbS91 Undefined variable: title at file E:\wamp\www\Qphp\Application\Modules\User\Views\Login.php(4)
[2013-12-29 23:26:39][WARNING] Url http://www.q.com/user/register base64_encode() expects parameter 1 to be string, array given at file E:\wamp\www\Qphp\Application\Modules\User\Helpers\User.php(14)
[2013-12-29 23:26:39][SUCCESS][Time:0.011847] Url http://www.q.com/user
[2013-12-29 23:26:39][NOTICE] Url http://www.q.com/u Undefined variable: id at file E:\wamp\www\Qphp\Application\Modules\U\Controllers\UController.php(15)
[2013-12-29 23:26:39][NOTICE] Url http://www.q.com/user/login?backurl=aHR0cDovL3d3dy5xLmNvbS91 Undefined variable: title at file E:\wamp\www\Qphp\Application\Modules\User\Views\Login.php(4)
[2013-12-29 23:26:40][SUCCESS][Time:0.019578] Url http://www.q.com/user/bootstrap.js
[2013-12-29 23:26:40][NOTICE] Url http://www.q.com/u Undefined variable: id at file E:\wamp\www\Qphp\Application\Modules\U\Controllers\UController.php(15)
[2013-12-29 23:26:40][NOTICE] Url http://www.q.com/user/login?backurl=aHR0cDovL3d3dy5xLmNvbS91 Undefined variable: title at file E:\wamp\www\Qphp\Application\Modules\User\Views\Login.php(4)
[2013-12-29 23:26:44][NOTICE] Url http://www.q.com/user/login?backurl=aHR0cDovL3d3dy5xLmNvbS91 Undefined variable: title at file E:\wamp\www\Qphp\Application\Modules\User\Views\Login.php(4)
[2013-12-29 23:26:45][SUCCESS][Time:0.018604] Url http://www.q.com/user/bootstrap.js
[2013-12-29 23:26:45][NOTICE] Url http://www.q.com/u Undefined variable: id at file E:\wamp\www\Qphp\Application\Modules\U\Controllers\UController.php(15)
[2013-12-29 23:26:45][NOTICE] Url http://www.q.com/user/login?backurl=aHR0cDovL3d3dy5xLmNvbS91 Undefined variable: title at file E:\wamp\www\Qphp\Application\Modules\User\Views\Login.php(4)
[2013-12-29 23:27:12][NOTICE] Url http://www.q.com/user/login?backurl=aHR0cDovL3d3dy5xLmNvbS91 Undefined variable: title at file E:\wamp\www\Qphp\Application\Modules\User\Views\Login.php(4)
[2013-12-29 23:27:12][SUCCESS][Time:0.019733] Url http://www.q.com/user/bootstrap.js
[2013-12-29 23:27:12][NOTICE] Url http://www.q.com/u Undefined variable: id at file E:\wamp\www\Qphp\Application\Modules\U\Controllers\UController.php(15)
[2013-12-29 23:27:12][NOTICE] Url http://www.q.com/user/login?backurl=aHR0cDovL3d3dy5xLmNvbS91 Undefined variable: title at file E:\wamp\www\Qphp\Application\Modules\User\Views\Login.php(4)
[2013-12-29 23:27:12][WARNING] Url http://www.q.com/user/register base64_encode() expects parameter 1 to be string, array given at file E:\wamp\www\Qphp\Application\Modules\User\Helpers\User.php(14)
[2013-12-29 23:27:12][SUCCESS][Time:0.019269] Url http://www.q.com/user
[2013-12-29 23:27:12][NOTICE] Url http://www.q.com/u Undefined variable: id at file E:\wamp\www\Qphp\Application\Modules\U\Controllers\UController.php(15)
[2013-12-29 23:27:12][NOTICE] Url http://www.q.com/user/login?backurl=aHR0cDovL3d3dy5xLmNvbS91 Undefined variable: title at file E:\wamp\www\Qphp\Application\Modules\User\Views\Login.php(4)
[2013-12-29 23:27:13][SUCCESS][Time:0.019487] Url http://www.q.com/user/bootstrap.js
[2013-12-29 23:27:13][NOTICE] Url http://www.q.com/u Undefined variable: id at file E:\wamp\www\Qphp\Application\Modules\U\Controllers\UController.php(15)
[2013-12-29 23:27:13][NOTICE] Url http://www.q.com/user/login?backurl=aHR0cDovL3d3dy5xLmNvbS91 Undefined variable: title at file E:\wamp\www\Qphp\Application\Modules\User\Views\Login.php(4)
[2013-12-29 23:27:17][WARNING] Url http://www.q.com/user/register base64_encode() expects parameter 1 to be string, array given at file E:\wamp\www\Qphp\Application\Modules\User\Helpers\User.php(14)
[2013-12-29 23:27:17][SUCCESS][Time:0.021122] Url http://www.q.com/user
[2013-12-29 23:27:17][NOTICE] Url http://www.q.com/u Undefined variable: id at file E:\wamp\www\Qphp\Application\Modules\U\Controllers\UController.php(15)
[2013-12-29 23:27:17][NOTICE] Url http://www.q.com/user/login?backurl=aHR0cDovL3d3dy5xLmNvbS91 Undefined variable: title at file E:\wamp\www\Qphp\Application\Modules\User\Views\Login.php(4)
[2013-12-29 23:27:17][SUCCESS][Time:0.018997] Url http://www.q.com/user/bootstrap.js
[2013-12-29 23:27:17][NOTICE] Url http://www.q.com/u Undefined variable: id at file E:\wamp\www\Qphp\Application\Modules\U\Controllers\UController.php(15)
[2013-12-29 23:27:17][NOTICE] Url http://www.q.com/user/login?backurl=aHR0cDovL3d3dy5xLmNvbS91 Undefined variable: title at file E:\wamp\www\Qphp\Application\Modules\User\Views\Login.php(4)
[2013-12-29 23:28:14][NOTICE] Url http://www.q.com/user/login?backurl=aHR0cDovL3d3dy5xLmNvbS91 Undefined variable: title at file E:\wamp\www\Qphp\Application\Modules\User\Views\Login.php(4)
[2013-12-29 23:28:14][SUCCESS][Time:0.022670] Url http://www.q.com/user/bootstrap.js
[2013-12-29 23:28:14][NOTICE] Url http://www.q.com/u Undefined variable: id at file E:\wamp\www\Qphp\Application\Modules\U\Controllers\UController.php(15)
[2013-12-29 23:28:14][NOTICE] Url http://www.q.com/user/login?backurl=aHR0cDovL3d3dy5xLmNvbS91 Undefined variable: title at file E:\wamp\www\Qphp\Application\Modules\User\Views\Login.php(4)
[2013-12-29 23:28:40][NOTICE] Url http://www.q.com/user/register Undefined variable: title at file E:\wamp\www\Qphp\Application\Modules\User\Views\Register.php(4)
[2013-12-29 23:28:40][SUCCESS][Time:0.021698] Url http://www.q.com/user/bootstrap.js
[2013-12-29 23:28:40][NOTICE] Url http://www.q.com/u Undefined variable: id at file E:\wamp\www\Qphp\Application\Modules\U\Controllers\UController.php(15)
[2013-12-29 23:28:40][NOTICE] Url http://www.q.com/user/login?backurl=aHR0cDovL3d3dy5xLmNvbS91 Undefined variable: title at file E:\wamp\www\Qphp\Application\Modules\User\Views\Login.php(4)
[2013-12-29 23:29:04][NOTICE] Url http://www.q.com/user/register Undefined variable: title at file E:\wamp\www\Qphp\Application\Modules\User\Views\Register.php(4)
[2013-12-29 23:29:04][SUCCESS][Time:0.018922] Url http://www.q.com/user/bootstrap.js
[2013-12-29 23:29:04][NOTICE] Url http://www.q.com/u Undefined variable: id at file E:\wamp\www\Qphp\Application\Modules\U\Controllers\UController.php(15)
[2013-12-29 23:29:04][NOTICE] Url http://www.q.com/user/login?backurl=aHR0cDovL3d3dy5xLmNvbS91 Undefined variable: title at file E:\wamp\www\Qphp\Application\Modules\User\Views\Login.php(4)
[2013-12-29 23:29:07][NOTICE] Url http://www.q.com/user/register Undefined variable: title at file E:\wamp\www\Qphp\Application\Modules\User\Views\Register.php(4)
[2013-12-29 23:29:07][SUCCESS][Time:0.018375] Url http://www.q.com/user/bootstrap.js
[2013-12-29 23:29:07][NOTICE] Url http://www.q.com/u Undefined variable: id at file E:\wamp\www\Qphp\Application\Modules\U\Controllers\UController.php(15)
[2013-12-29 23:29:07][NOTICE] Url http://www.q.com/user/login?backurl=aHR0cDovL3d3dy5xLmNvbS91 Undefined variable: title at file E:\wamp\www\Qphp\Application\Modules\User\Views\Login.php(4)
[2013-12-29 23:29:15][NOTICE] Url http://www.q.com/user/register Undefined variable: title at file E:\wamp\www\Qphp\Application\Modules\User\Views\Register.php(4)
[2013-12-29 23:29:15][SUCCESS][Time:0.010645] Url http://www.q.com/user/bootstrap.js
[2013-12-29 23:29:15][NOTICE] Url http://www.q.com/u Undefined variable: id at file E:\wamp\www\Qphp\Application\Modules\U\Controllers\UController.php(15)
[2013-12-29 23:29:15][NOTICE] Url http://www.q.com/user/login?backurl=aHR0cDovL3d3dy5xLmNvbS91 Undefined variable: title at file E:\wamp\www\Qphp\Application\Modules\User\Views\Login.php(4)
[2013-12-29 23:29:17][NOTICE] Url http://www.q.com/user/login Undefined variable: title at file E:\wamp\www\Qphp\Application\Modules\User\Views\Login.php(4)
[2013-12-29 23:29:17][SUCCESS][Time:0.019038] Url http://www.q.com/user/bootstrap.js
[2013-12-29 23:29:17][NOTICE] Url http://www.q.com/u Undefined variable: id at file E:\wamp\www\Qphp\Application\Modules\U\Controllers\UController.php(15)
[2013-12-29 23:29:17][NOTICE] Url http://www.q.com/user/login?backurl=aHR0cDovL3d3dy5xLmNvbS91 Undefined variable: title at file E:\wamp\www\Qphp\Application\Modules\User\Views\Login.php(4)
[2013-12-29 23:29:40][NOTICE] Url http://www.q.com/user/login Undefined variable: title at file E:\wamp\www\Qphp\Application\Modules\User\Views\Login.php(4)
[2013-12-29 23:29:40][SUCCESS][Time:0.010221] Url http://www.q.com/user/bootstrap.js
[2013-12-29 23:29:40][NOTICE] Url http://www.q.com/u Undefined variable: id at file E:\wamp\www\Qphp\Application\Modules\U\Controllers\UController.php(15)
[2013-12-29 23:29:40][NOTICE] Url http://www.q.com/user/login?backurl=aHR0cDovL3d3dy5xLmNvbS91 Undefined variable: title at file E:\wamp\www\Qphp\Application\Modules\User\Views\Login.php(4)
[2013-12-29 23:29:44][NOTICE] Url http://www.q.com/user/register Undefined variable: title at file E:\wamp\www\Qphp\Application\Modules\User\Views\Register.php(4)
[2013-12-29 23:29:44][SUCCESS][Time:0.009921] Url http://www.q.com/user/bootstrap.js
[2013-12-29 23:29:44][NOTICE] Url http://www.q.com/u Undefined variable: id at file E:\wamp\www\Qphp\Application\Modules\U\Controllers\UController.php(15)
[2013-12-29 23:29:44][NOTICE] Url http://www.q.com/user/login?backurl=aHR0cDovL3d3dy5xLmNvbS91 Undefined variable: title at file E:\wamp\www\Qphp\Application\Modules\User\Views\Login.php(4)
[2013-12-29 23:29:53][ERROR] Url http://www.q.com/message 未定义指定控制器/NOT FOUND CONTROLLER: Message
[2013-12-29 23:29:53][ERROR] Url http://www.q.com/message 未定义指定控制器/NOT FOUND CONTROLLER: Message
[2013-12-29 23:29:57][ERROR] Url http://www.q.com/game 未定义指定控制器/NOT FOUND CONTROLLER: Game
[2013-12-29 23:29:57][ERROR] Url http://www.q.com/game 未定义指定控制器/NOT FOUND CONTROLLER: Game
[2013-12-29 23:29:59][NOTICE] Url http://www.q.com/ Undefined variable: title at file E:\wamp\www\Qphp\Application\Modules\Index\Views\Index.php(4)
[2013-12-29 23:29:59][ERROR] Url http://www.q.com/bootstrap.js 未定义指定控制器/NOT FOUND CONTROLLER: Bootstrap.js
[2013-12-29 23:29:59][ERROR] Url http://www.q.com/bootstrap.js 未定义指定控制器/NOT FOUND CONTROLLER: Bootstrap.js
[2013-12-29 23:31:00][NOTICE] Url http://www.q.com/ Undefined variable: title at file E:\wamp\www\Qphp\Application\Modules\Index\Views\Index.php(4)
[2013-12-29 23:31:00][ERROR] Url http://www.q.com/bootstrap.js 未定义指定控制器/NOT FOUND CONTROLLER: Bootstrap.js
[2013-12-29 23:31:00][ERROR] Url http://www.q.com/bootstrap.js 未定义指定控制器/NOT FOUND CONTROLLER: Bootstrap.js
[2013-12-29 23:31:43][NOTICE] Url http://www.q.com/ Undefined variable: title at file E:\wamp\www\Qphp\Application\Modules\Index\Views\Index.php(4)
[2013-12-29 23:31:43][ERROR] Url http://www.q.com/bootstrap.js 未定义指定控制器/NOT FOUND CONTROLLER: Bootstrap.js
[2013-12-29 23:31:43][ERROR] Url http://www.q.com/bootstrap.js 未定义指定控制器/NOT FOUND CONTROLLER: Bootstrap.js
[2013-12-29 23:32:03][NOTICE] Url http://www.q.com/ Undefined variable: title at file E:\wamp\www\Qphp\Application\Modules\Index\Views\Index.php(4)
[2013-12-29 23:32:03][ERROR] Url http://www.q.com/bootstrap.js 未定义指定控制器/NOT FOUND CONTROLLER: Bootstrap.js
[2013-12-29 23:32:03][ERROR] Url http://www.q.com/bootstrap.js 未定义指定控制器/NOT FOUND CONTROLLER: Bootstrap.js
[2013-12-29 23:32:04][NOTICE] Url http://www.q.com/ Undefined variable: title at file E:\wamp\www\Qphp\Application\Modules\Index\Views\Index.php(4)
[2013-12-29 23:32:04][ERROR] Url http://www.q.com/bootstrap.js 未定义指定控制器/NOT FOUND CONTROLLER: Bootstrap.js
[2013-12-29 23:32:04][ERROR] Url http://www.q.com/bootstrap.js 未定义指定控制器/NOT FOUND CONTROLLER: Bootstrap.js
[2013-12-29 23:32:20][NOTICE] Url http://www.q.com/ Undefined variable: title at file E:\wamp\www\Qphp\Application\Modules\Index\Views\Index.php(4)
[2013-12-29 23:32:20][ERROR] Url http://www.q.com/bootstrap.js 未定义指定控制器/NOT FOUND CONTROLLER: Bootstrap.js
[2013-12-29 23:32:20][ERROR] Url http://www.q.com/bootstrap.js 未定义指定控制器/NOT FOUND CONTROLLER: Bootstrap.js
[2013-12-29 23:32:21][NOTICE] Url http://www.q.com/ Undefined variable: title at file E:\wamp\www\Qphp\Application\Modules\Index\Views\Index.php(4)
[2013-12-29 23:32:21][ERROR] Url http://www.q.com/bootstrap.js 未定义指定控制器/NOT FOUND CONTROLLER: Bootstrap.js
[2013-12-29 23:32:21][ERROR] Url http://www.q.com/bootstrap.js 未定义指定控制器/NOT FOUND CONTROLLER: Bootstrap.js
[2013-12-29 23:32:32][NOTICE] Url http://www.q.com/ Undefined variable: title at file E:\wamp\www\Qphp\Application\Modules\Index\Views\Index.php(4)
[2013-12-29 23:32:32][ERROR] Url http://www.q.com/bootstrap.js 未定义指定控制器/NOT FOUND CONTROLLER: Bootstrap.js
[2013-12-29 23:32:32][ERROR] Url http://www.q.com/bootstrap.js 未定义指定控制器/NOT FOUND CONTROLLER: Bootstrap.js
[2013-12-29 23:33:02][NOTICE] Url http://www.q.com/ Undefined variable: title at file E:\wamp\www\Qphp\Application\Modules\Index\Views\Index.php(4)
[2013-12-29 23:33:02][ERROR] Url http://www.q.com/bootstrap.js 未定义指定控制器/NOT FOUND CONTROLLER: Bootstrap.js
[2013-12-29 23:33:02][ERROR] Url http://www.q.com/bootstrap.js 未定义指定控制器/NOT FOUND CONTROLLER: Bootstrap.js
[2013-12-29 23:33:02][NOTICE] Url http://www.q.com/ Undefined variable: title at file E:\wamp\www\Qphp\Application\Modules\Index\Views\Index.php(4)
[2013-12-29 23:33:02][ERROR] Url http://www.q.com/bootstrap.js 未定义指定控制器/NOT FOUND CONTROLLER: Bootstrap.js
[2013-12-29 23:33:02][ERROR] Url http://www.q.com/bootstrap.js 未定义指定控制器/NOT FOUND CONTROLLER: Bootstrap.js
[2013-12-29 23:33:40][NOTICE] Url http://www.q.com/ Undefined variable: title at file E:\wamp\www\Qphp\Application\Modules\Index\Views\Index.php(4)
[2013-12-29 23:33:40][ERROR] Url http://www.q.com/bootstrap.js 未定义指定控制器/NOT FOUND CONTROLLER: Bootstrap.js
[2013-12-29 23:33:40][ERROR] Url http://www.q.com/bootstrap.js 未定义指定控制器/NOT FOUND CONTROLLER: Bootstrap.js
[2013-12-29 23:34:29][NOTICE] Url http://www.q.com/ Undefined variable: title at file E:\wamp\www\Qphp\Application\Modules\Index\Views\Index.php(4)
[2013-12-29 23:34:29][ERROR] Url http://www.q.com/bootstrap.js 未定义指定控制器/NOT FOUND CONTROLLER: Bootstrap.js
[2013-12-29 23:34:29][ERROR] Url http://www.q.com/bootstrap.js 未定义指定控制器/NOT FOUND CONTROLLER: Bootstrap.js
[2013-12-29 23:35:19][NOTICE] Url http://www.q.com/ Undefined variable: title at file E:\wamp\www\Qphp\Application\Modules\Index\Views\Index.php(4)
[2013-12-29 23:35:19][ERROR] Url http://www.q.com/bootstrap.js 未定义指定控制器/NOT FOUND CONTROLLER: Bootstrap.js
[2013-12-29 23:35:19][ERROR] Url http://www.q.com/bootstrap.js 未定义指定控制器/NOT FOUND CONTROLLER: Bootstrap.js
[2013-12-29 23:35:20][NOTICE] Url http://www.q.com/ Undefined variable: title at file E:\wamp\www\Qphp\Application\Modules\Index\Views\Index.php(4)
[2013-12-29 23:35:20][ERROR] Url http://www.q.com/bootstrap.js 未定义指定控制器/NOT FOUND CONTROLLER: Bootstrap.js
[2013-12-29 23:35:20][ERROR] Url http://www.q.com/bootstrap.js 未定义指定控制器/NOT FOUND CONTROLLER: Bootstrap.js
[2013-12-29 23:35:46][NOTICE] Url http://www.q.com/ Undefined variable: title at file E:\wamp\www\Qphp\Application\Modules\Index\Views\Index.php(4)
[2013-12-29 23:35:46][ERROR] Url http://www.q.com/bootstrap.js 未定义指定控制器/NOT FOUND CONTROLLER: Bootstrap.js
[2013-12-29 23:35:46][ERROR] Url http://www.q.com/bootstrap.js 未定义指定控制器/NOT FOUND CONTROLLER: Bootstrap.js
[2013-12-29 23:35:46][NOTICE] Url http://www.q.com/ Undefined variable: title at file E:\wamp\www\Qphp\Application\Modules\Index\Views\Index.php(4)
[2013-12-29 23:35:46][ERROR] Url http://www.q.com/bootstrap.js 未定义指定控制器/NOT FOUND CONTROLLER: Bootstrap.js
[2013-12-29 23:35:46][ERROR] Url http://www.q.com/bootstrap.js 未定义指定控制器/NOT FOUND CONTROLLER: Bootstrap.js
[2013-12-29 23:36:36][NOTICE] Url http://www.q.com/ Undefined variable: title at file E:\wamp\www\Qphp\Application\Modules\Index\Views\Index.php(4)
[2013-12-29 23:36:36][ERROR] Url http://www.q.com/bootstrap.js 未定义指定控制器/NOT FOUND CONTROLLER: Bootstrap.js
[2013-12-29 23:36:36][ERROR] Url http://www.q.com/bootstrap.js 未定义指定控制器/NOT FOUND CONTROLLER: Bootstrap.js
[2013-12-29 23:36:36][NOTICE] Url http://www.q.com/ Undefined variable: title at file E:\wamp\www\Qphp\Application\Modules\Index\Views\Index.php(4)
[2013-12-29 23:36:36][ERROR] Url http://www.q.com/bootstrap.js 未定义指定控制器/NOT FOUND CONTROLLER: Bootstrap.js
[2013-12-29 23:36:36][ERROR] Url http://www.q.com/bootstrap.js 未定义指定控制器/NOT FOUND CONTROLLER: Bootstrap.js
[2013-12-29 23:36:56][NOTICE] Url http://www.q.com/ Undefined variable: title at file E:\wamp\www\Qphp\Application\Modules\Index\Views\Index.php(4)
[2013-12-29 23:36:56][ERROR] Url http://www.q.com/bootstrap.js 未定义指定控制器/NOT FOUND CONTROLLER: Bootstrap.js
[2013-12-29 23:36:56][ERROR] Url http://www.q.com/bootstrap.js 未定义指定控制器/NOT FOUND CONTROLLER: Bootstrap.js
[2013-12-29 23:36:57][NOTICE] Url http://www.q.com/ Undefined variable: title at file E:\wamp\www\Qphp\Application\Modules\Index\Views\Index.php(4)
[2013-12-29 23:36:57][ERROR] Url http://www.q.com/bootstrap.js 未定义指定控制器/NOT FOUND CONTROLLER: Bootstrap.js
[2013-12-29 23:36:57][ERROR] Url http://www.q.com/bootstrap.js 未定义指定控制器/NOT FOUND CONTROLLER: Bootstrap.js
[2013-12-29 23:37:07][NOTICE] Url http://www.q.com/ Undefined variable: title at file E:\wamp\www\Qphp\Application\Modules\Index\Views\Index.php(4)
[2013-12-29 23:37:07][ERROR] Url http://www.q.com/bootstrap.js 未定义指定控制器/NOT FOUND CONTROLLER: Bootstrap.js
[2013-12-29 23:37:07][ERROR] Url http://www.q.com/bootstrap.js 未定义指定控制器/NOT FOUND CONTROLLER: Bootstrap.js
[2013-12-29 23:37:07][NOTICE] Url http://www.q.com/ Undefined variable: title at file E:\wamp\www\Qphp\Application\Modules\Index\Views\Index.php(4)
[2013-12-29 23:37:07][ERROR] Url http://www.q.com/bootstrap.js 未定义指定控制器/NOT FOUND CONTROLLER: Bootstrap.js
[2013-12-29 23:37:07][ERROR] Url http://www.q.com/bootstrap.js 未定义指定控制器/NOT FOUND CONTROLLER: Bootstrap.js
[2013-12-29 23:37:25][NOTICE] Url http://www.q.com/ Undefined variable: title at file E:\wamp\www\Qphp\Application\Modules\Index\Views\Index.php(4)
[2013-12-29 23:37:25][ERROR] Url http://www.q.com/bootstrap.js 未定义指定控制器/NOT FOUND CONTROLLER: Bootstrap.js
[2013-12-29 23:37:25][ERROR] Url http://www.q.com/bootstrap.js 未定义指定控制器/NOT FOUND CONTROLLER: Bootstrap.js
[2013-12-29 23:37:42][NOTICE] Url http://www.q.com/ Undefined variable: title at file E:\wamp\www\Qphp\Application\Modules\Index\Views\Index.php(4)
[2013-12-29 23:37:42][ERROR] Url http://www.q.com/bootstrap.js 未定义指定控制器/NOT FOUND CONTROLLER: Bootstrap.js
[2013-12-29 23:37:42][ERROR] Url http://www.q.com/bootstrap.js 未定义指定控制器/NOT FOUND CONTROLLER: Bootstrap.js
[2013-12-29 23:41:58][NOTICE] Url http://www.q.com/ Undefined variable: title at file E:\wamp\www\Qphp\Application\Modules\Index\Views\Index.php(4)
[2013-12-29 23:41:59][ERROR] Url http://www.q.com/bootstrap.js 未定义指定控制器/NOT FOUND CONTROLLER: Bootstrap.js
[2013-12-29 23:41:59][ERROR] Url http://www.q.com/bootstrap.js 未定义指定控制器/NOT FOUND CONTROLLER: Bootstrap.js
[2013-12-29 23:42:44][NOTICE] Url http://www.q.com/ Undefined variable: title at file E:\wamp\www\Qphp\Application\Modules\Index\Views\Index.php(4)
[2013-12-29 23:42:44][ERROR] Url http://www.q.com/bootstrap.js 未定义指定控制器/NOT FOUND CONTROLLER: Bootstrap.js
[2013-12-29 23:42:44][ERROR] Url http://www.q.com/bootstrap.js 未定义指定控制器/NOT FOUND CONTROLLER: Bootstrap.js
[2013-12-29 23:46:09][NOTICE] Url http://www.q.com/ Undefined variable: title at file E:\wamp\www\Qphp\Application\Modules\Index\Views\Index.php(4)
[2013-12-29 23:46:09][ERROR] Url http://www.q.com/bootstrap.js 未定义指定控制器/NOT FOUND CONTROLLER: Bootstrap.js
[2013-12-29 23:46:09][ERROR] Url http://www.q.com/bootstrap.js 未定义指定控制器/NOT FOUND CONTROLLER: Bootstrap.js
[2013-12-29 23:46:35][NOTICE] Url http://www.q.com/ Undefined variable: title at file E:\wamp\www\Qphp\Application\Modules\Index\Views\Index.php(4)
[2013-12-29 23:46:35][ERROR] Url http://www.q.com/bootstrap.js 未定义指定控制器/NOT FOUND CONTROLLER: Bootstrap.js
[2013-12-29 23:46:35][ERROR] Url http://www.q.com/bootstrap.js 未定义指定控制器/NOT FOUND CONTROLLER: Bootstrap.js
[2013-12-29 23:46:48][NOTICE] Url http://www.q.com/ Undefined variable: title at file E:\wamp\www\Qphp\Application\Modules\Index\Views\Index.php(4)
[2013-12-29 23:46:48][ERROR] Url http://www.q.com/bootstrap.js 未定义指定控制器/NOT FOUND CONTROLLER: Bootstrap.js
[2013-12-29 23:46:48][ERROR] Url http://www.q.com/bootstrap.js 未定义指定控制器/NOT FOUND CONTROLLER: Bootstrap.js
[2013-12-29 23:46:56][NOTICE] Url http://www.q.com/ Undefined variable: title at file E:\wamp\www\Qphp\Application\Modules\Index\Views\Index.php(4)
[2013-12-29 23:46:56][ERROR] Url http://www.q.com/bootstrap.js 未定义指定控制器/NOT FOUND CONTROLLER: Bootstrap.js
[2013-12-29 23:46:56][ERROR] Url http://www.q.com/bootstrap.js 未定义指定控制器/NOT FOUND CONTROLLER: Bootstrap.js
[2013-12-29 23:47:56][NOTICE] Url http://www.q.com/ Undefined variable: title at file E:\wamp\www\Qphp\Application\Modules\Index\Views\Index.php(4)
[2013-12-29 23:47:56][ERROR] Url http://www.q.com/bootstrap.js 未定义指定控制器/NOT FOUND CONTROLLER: Bootstrap.js
[2013-12-29 23:47:56][ERROR] Url http://www.q.com/bootstrap.js 未定义指定控制器/NOT FOUND CONTROLLER: Bootstrap.js
[2013-12-29 23:48:10][NOTICE] Url http://www.q.com/ Undefined variable: title at file E:\wamp\www\Qphp\Application\Modules\Index\Views\Index.php(4)
[2013-12-29 23:48:10][ERROR] Url http://www.q.com/bootstrap.js 未定义指定控制器/NOT FOUND CONTROLLER: Bootstrap.js
[2013-12-29 23:48:10][ERROR] Url http://www.q.com/bootstrap.js 未定义指定控制器/NOT FOUND CONTROLLER: Bootstrap.js
[2013-12-29 23:48:31][NOTICE] Url http://www.q.com/ Undefined variable: title at file E:\wamp\www\Qphp\Application\Modules\Index\Views\Index.php(4)
[2013-12-29 23:48:31][ERROR] Url http://www.q.com/bootstrap.js 未定义指定控制器/NOT FOUND CONTROLLER: Bootstrap.js
[2013-12-29 23:48:31][ERROR] Url http://www.q.com/bootstrap.js 未定义指定控制器/NOT FOUND CONTROLLER: Bootstrap.js
[2013-12-29 23:48:53][NOTICE] Url http://www.q.com/ Undefined variable: title at file E:\wamp\www\Qphp\Application\Modules\Index\Views\Index.php(4)
[2013-12-29 23:48:53][ERROR] Url http://www.q.com/bootstrap.js 未定义指定控制器/NOT FOUND CONTROLLER: Bootstrap.js
[2013-12-29 23:48:53][ERROR] Url http://www.q.com/bootstrap.js 未定义指定控制器/NOT FOUND CONTROLLER: Bootstrap.js
[2013-12-29 23:49:49][NOTICE] Url http://www.q.com/ Undefined variable: title at file E:\wamp\www\Qphp\Application\Modules\Index\Views\Index.php(4)
[2013-12-29 23:49:49][ERROR] Url http://www.q.com/bootstrap.js 未定义指定控制器/NOT FOUND CONTROLLER: Bootstrap.js
[2013-12-29 23:49:49][ERROR] Url http://www.q.com/bootstrap.js 未定义指定控制器/NOT FOUND CONTROLLER: Bootstrap.js
[2013-12-29 23:50:13][NOTICE] Url http://www.q.com/ Undefined variable: title at file E:\wamp\www\Qphp\Application\Modules\Index\Views\Index.php(4)
[2013-12-29 23:50:13][ERROR] Url http://www.q.com/bootstrap.js 未定义指定控制器/NOT FOUND CONTROLLER: Bootstrap.js
[2013-12-29 23:50:13][ERROR] Url http://www.q.com/bootstrap.js 未定义指定控制器/NOT FOUND CONTROLLER: Bootstrap.js
[2013-12-29 23:50:13][NOTICE] Url http://www.q.com/ Undefined variable: title at file E:\wamp\www\Qphp\Application\Modules\Index\Views\Index.php(4)
[2013-12-29 23:50:13][ERROR] Url http://www.q.com/bootstrap.js 未定义指定控制器/NOT FOUND CONTROLLER: Bootstrap.js
[2013-12-29 23:50:13][ERROR] Url http://www.q.com/bootstrap.js 未定义指定控制器/NOT FOUND CONTROLLER: Bootstrap.js
[2013-12-29 23:59:28][NOTICE] Url http://www.q.com/ Undefined variable: title at file E:\wamp\www\Qphp\Application\Modules\Index\Views\Index.php(4)
[2013-12-29 23:59:29][ERROR] Url http://www.q.com/bootstrap.js 未定义指定控制器/NOT FOUND CONTROLLER: Bootstrap.js
[2013-12-29 23:59:29][ERROR] Url http://www.q.com/bootstrap.js 未定义指定控制器/NOT FOUND CONTROLLER: Bootstrap.js
[2013-12-29 23:59:57][NOTICE] Url http://www.q.com/ Undefined variable: title at file E:\wamp\www\Qphp\Application\Modules\Index\Views\Index.php(4)
[2013-12-29 23:59:57][ERROR] Url http://www.q.com/bootstrap.js 未定义指定控制器/NOT FOUND CONTROLLER: Bootstrap.js
[2013-12-29 23:59:57][ERROR] Url http://www.q.com/bootstrap.js 未定义指定控制器/NOT FOUND CONTROLLER: Bootstrap.js
[2013-12-29 23:59:58][NOTICE] Url http://www.q.com/ Undefined variable: title at file E:\wamp\www\Qphp\Application\Modules\Index\Views\Index.php(4)
[2013-12-29 23:59:58][ERROR] Url http://www.q.com/bootstrap.js 未定义指定控制器/NOT FOUND CONTROLLER: Bootstrap.js
[2013-12-29 23:59:58][ERROR] Url http://www.q.com/bootstrap.js 未定义指定控制器/NOT FOUND CONTROLLER: Bootstrap.js
