[2013-10-10 15:01:41][SUCCESS][Time:0.080694] Url http://www.q.com/
[2013-10-10 15:01:41][NOTICE] Url http://www.q.com/home Undefined variable: title at file D:\wamp\www\phpis\iPHP\Application\Views\Home\index.php(3)
[2013-10-10 15:02:32][NOTICE] Url http://www.q.com/home Undefined variable: title at file D:\wamp\www\phpis\iPHP\Application\Views\Home\index.php(3)
[2013-10-10 15:54:44][NOTICE] Url http://q.com/test/counter2 Use of undefined constant MON_12 - assumed 'MON_12' at file D:\wamp\www\phpis\iPHP\Application\Controllers\TestController.php(16)
[2013-10-10 15:55:37][SUCCESS][Time:0.007994] Url http://q.com/test/counter2
[2013-10-10 15:55:56][SUCCESS][Time:0.005699] Url http://q.com/test/counter2
[2013-10-10 15:55:57][SUCCESS][Time:0.015547] Url http://q.com/test/counter2
[2013-10-10 15:56:24][SUCCESS][Time:0.016665] Url http://q.com/test/counter2
[2013-10-10 15:58:26][SUCCESS][Time:0.017521] Url http://q.com/test/counter2
[2013-10-10 16:06:13][SUCCESS][Time:0.018771] Url http://q.com/test/counter2
[2013-10-10 16:06:24][SUCCESS][Time:0.021500] Url http://q.com/test/md5file
[2013-10-10 16:07:39][SUCCESS][Time:0.006471] Url http://q.com/test/md5file
[2013-10-10 16:07:39][SUCCESS][Time:0.013114] Url http://q.com/test/md5file
[2013-10-10 16:07:39][SUCCESS][Time:0.006968] Url http://q.com/test/md5file
[2013-10-10 16:07:40][SUCCESS][Time:0.006266] Url http://q.com/test/md5file
[2013-10-10 16:07:40][SUCCESS][Time:0.006106] Url http://q.com/test/md5file
[2013-10-10 16:07:40][SUCCESS][Time:0.010098] Url http://q.com/test/md5file
[2013-10-10 16:07:49][SUCCESS][Time:0.017230] Url http://q.com/test/md5file
[2013-10-10 16:07:49][SUCCESS][Time:0.005957] Url http://q.com/test/md5file
[2013-10-10 16:07:49][SUCCESS][Time:0.014597] Url http://q.com/test/md5file
[2013-10-10 16:07:50][SUCCESS][Time:0.013232] Url http://q.com/test/md5file
[2013-10-10 16:09:59][SUCCESS][Time:0.021260] Url http://q.com/test/text
[2013-10-10 16:10:01][SUCCESS][Time:0.013125] Url http://q.com/test/text
[2013-10-10 16:10:06][SUCCESS][Time:0.005975] Url http://q.com/test/text
[2013-10-10 16:10:07][SUCCESS][Time:0.012670] Url http://q.com/test/text
[2013-10-10 16:11:14][SUCCESS][Time:0.005917] Url http://q.com/test/text
[2013-10-10 16:11:15][SUCCESS][Time:0.013770] Url http://q.com/test/text
[2013-10-10 16:11:15][SUCCESS][Time:0.005873] Url http://q.com/test/text
[2013-10-10 16:11:15][SUCCESS][Time:0.005809] Url http://q.com/test/text
[2013-10-10 16:11:40][SUCCESS][Time:0.017890] Url http://q.com/test/text
[2013-10-10 16:11:41][SUCCESS][Time:0.005827] Url http://q.com/test/text
[2013-10-10 16:11:41][SUCCESS][Time:0.012817] Url http://q.com/test/text
[2013-10-10 16:11:42][SUCCESS][Time:0.005849] Url http://q.com/test/text
[2013-10-10 16:11:53][SUCCESS][Time:0.012973] Url http://q.com/test/text
[2013-10-10 16:11:53][SUCCESS][Time:0.005788] Url http://q.com/test/text
[2013-10-10 16:11:54][SUCCESS][Time:0.009534] Url http://q.com/test/text
[2013-10-10 16:12:08][SUCCESS][Time:0.014652] Url http://q.com/test/text
[2013-10-10 16:12:09][SUCCESS][Time:0.005915] Url http://q.com/test/text
[2013-10-10 16:12:22][SUCCESS][Time:0.021572] Url http://q.com/test/text
[2013-10-10 16:12:23][SUCCESS][Time:0.013955] Url http://q.com/test/text
[2013-10-10 16:14:26][SUCCESS][Time:0.032546] Url http://q.com/test/text
[2013-10-10 16:14:27][SUCCESS][Time:0.011851] Url http://q.com/test/text
[2013-10-10 16:15:10][SUCCESS][Time:0.026505] Url http://q.com/test/text
[2013-10-10 16:15:12][SUCCESS][Time:0.027794] Url http://q.com/test/text
[2013-10-10 16:15:12][SUCCESS][Time:0.012342] Url http://q.com/test/text
[2013-10-10 16:15:20][SUCCESS][Time:0.008371] Url http://q.com/test/text
[2013-10-10 16:15:26][SUCCESS][Time:0.013565] Url http://q.com/test/text
[2013-10-10 16:36:28][SUCCESS][Time:0.008972] Url http://q.com/test/text
[2013-10-10 16:36:30][SUCCESS][Time:0.013298] Url http://q.com/test/text
[2013-10-10 16:36:58][SUCCESS][Time:0.008320] Url http://q.com/test/text
[2013-10-10 16:36:59][SUCCESS][Time:0.012793] Url http://q.com/test/text
[2013-10-10 16:37:00][SUCCESS][Time:0.005990] Url http://q.com/test/text
[2013-10-10 16:50:32][SUCCESS][Time:0.018103] Url http://q.com/test/text
[2013-10-10 16:50:33][SUCCESS][Time:0.005853] Url http://q.com/test/text
[2013-10-10 16:50:33][SUCCESS][Time:0.005672] Url http://q.com/test/text
[2013-10-10 16:50:33][SUCCESS][Time:0.009724] Url http://q.com/test/text
