[2013-10-23 16:35:12][SUCCESS][Time:0.082744] Url http://www.q.com/
[2013-10-23 16:35:12][NOTICE] Url http://www.q.com/home Undefined variable: title at file D:\wamp\www\phpis\iPHP\Application\Views\Home\index.php(3)
[2013-10-23 16:35:20][NOTICE] Url http://www.q.com/home Undefined variable: title at file D:\wamp\www\phpis\iPHP\Application\Views\Home\index.php(3)
[2013-10-23 16:35:21][NOTICE] Url http://www.q.com/home Undefined variable: title at file D:\wamp\www\phpis\iPHP\Application\Views\Home\index.php(3)
[2013-10-23 16:35:22][NOTICE] Url http://www.q.com/home Undefined variable: title at file D:\wamp\www\phpis\iPHP\Application\Views\Home\index.php(3)
[2013-10-23 16:35:22][NOTICE] Url http://www.q.com/home Undefined variable: title at file D:\wamp\www\phpis\iPHP\Application\Views\Home\index.php(3)
[2013-10-23 16:35:23][NOTICE] Url http://www.q.com/home Undefined variable: title at file D:\wamp\www\phpis\iPHP\Application\Views\Home\index.php(3)
[2013-10-23 16:35:23][NOTICE] Url http://www.q.com/home Undefined variable: title at file D:\wamp\www\phpis\iPHP\Application\Views\Home\index.php(3)
[2013-10-23 16:35:24][NOTICE] Url http://www.q.com/home Undefined variable: title at file D:\wamp\www\phpis\iPHP\Application\Views\Home\index.php(3)
[2013-10-23 16:35:24][NOTICE] Url http://www.q.com/home Undefined variable: title at file D:\wamp\www\phpis\iPHP\Application\Views\Home\index.php(3)
[2013-10-23 16:35:24][NOTICE] Url http://www.q.com/home Undefined variable: title at file D:\wamp\www\phpis\iPHP\Application\Views\Home\index.php(3)
[2013-10-23 16:35:25][NOTICE] Url http://www.q.com/home Undefined variable: title at file D:\wamp\www\phpis\iPHP\Application\Views\Home\index.php(3)
[2013-10-23 16:35:25][NOTICE] Url http://www.q.com/home Undefined variable: title at file D:\wamp\www\phpis\iPHP\Application\Views\Home\index.php(3)
[2013-10-23 16:35:26][NOTICE] Url http://www.q.com/home Undefined variable: title at file D:\wamp\www\phpis\iPHP\Application\Views\Home\index.php(3)
[2013-10-23 16:35:26][NOTICE] Url http://www.q.com/home Undefined variable: title at file D:\wamp\www\phpis\iPHP\Application\Views\Home\index.php(3)
[2013-10-23 16:35:27][NOTICE] Url http://www.q.com/home Undefined variable: title at file D:\wamp\www\phpis\iPHP\Application\Views\Home\index.php(3)
[2013-10-23 16:35:27][NOTICE] Url http://www.q.com/home Undefined variable: title at file D:\wamp\www\phpis\iPHP\Application\Views\Home\index.php(3)
[2013-10-23 16:35:32][NOTICE] Url http://www.q.com/home Undefined variable: title at file D:\wamp\www\phpis\iPHP\Application\Views\Home\index.php(3)
[2013-10-23 16:51:41][NOTICE] Url http://www.q.com/home Undefined variable: title at file D:\wamp\www\phpis\iPHP\Application\Views\Home\index.php(3)
[2013-10-23 16:51:41][NOTICE] Url http://www.q.com/home Undefined variable: title at file D:\wamp\www\phpis\iPHP\Application\Views\Home\index.php(3)
[2013-10-23 16:51:41][NOTICE] Url http://www.q.com/home Undefined variable: title at file D:\wamp\www\phpis\iPHP\Application\Views\Home\index.php(3)
[2013-10-23 16:51:42][NOTICE] Url http://www.q.com/home Undefined variable: title at file D:\wamp\www\phpis\iPHP\Application\Views\Home\index.php(3)
[2013-10-23 16:51:42][NOTICE] Url http://www.q.com/home Undefined variable: title at file D:\wamp\www\phpis\iPHP\Application\Views\Home\index.php(3)
[2013-10-23 16:51:42][NOTICE] Url http://www.q.com/home Undefined variable: title at file D:\wamp\www\phpis\iPHP\Application\Views\Home\index.php(3)
[2013-10-23 16:53:26][NOTICE] Url http://www.q.com/home Undefined variable: title at file D:\wamp\www\phpis\iPHP\Application\Views\Home\index.php(3)
[2013-10-23 16:53:27][NOTICE] Url http://www.q.com/home Undefined variable: title at file D:\wamp\www\phpis\iPHP\Application\Views\Home\index.php(3)
[2013-10-23 16:53:27][NOTICE] Url http://www.q.com/home Undefined variable: title at file D:\wamp\www\phpis\iPHP\Application\Views\Home\index.php(3)
[2013-10-23 16:56:30][NOTICE] Url http://www.q.com/home Undefined variable: title at file D:\wamp\www\phpis\iPHP\Application\Views\Home\index.php(3)
[2013-10-23 16:56:32][NOTICE] Url http://www.q.com/home Undefined variable: title at file D:\wamp\www\phpis\iPHP\Application\Views\Home\index.php(3)
[2013-10-23 16:56:32][NOTICE] Url http://www.q.com/home Undefined variable: title at file D:\wamp\www\phpis\iPHP\Application\Views\Home\index.php(3)
[2013-10-23 16:58:28][NOTICE] Url http://www.q.com/home Undefined variable: title at file D:\wamp\www\phpis\iPHP\Application\Views\Home\index.php(3)
[2013-10-23 17:41:42][NOTICE] Url http://www.q.com/home Undefined variable: title at file D:\wamp\www\phpis\iPHP\Application\Views\Home\index.php(3)
[2013-10-23 17:41:43][NOTICE] Url http://www.q.com/home Undefined variable: title at file D:\wamp\www\phpis\iPHP\Application\Views\Home\index.php(3)
[2013-10-23 17:41:44][NOTICE] Url http://www.q.com/home Undefined variable: title at file D:\wamp\www\phpis\iPHP\Application\Views\Home\index.php(3)
[2013-10-23 17:41:44][NOTICE] Url http://www.q.com/home Undefined variable: title at file D:\wamp\www\phpis\iPHP\Application\Views\Home\index.php(3)
[2013-10-23 17:41:44][NOTICE] Url http://www.q.com/home Undefined variable: title at file D:\wamp\www\phpis\iPHP\Application\Views\Home\index.php(3)
[2013-10-23 17:41:45][NOTICE] Url http://www.q.com/home Undefined variable: title at file D:\wamp\www\phpis\iPHP\Application\Views\Home\index.php(3)
[2013-10-23 17:41:45][NOTICE] Url http://www.q.com/home Undefined variable: title at file D:\wamp\www\phpis\iPHP\Application\Views\Home\index.php(3)
[2013-10-23 17:41:45][NOTICE] Url http://www.q.com/home Undefined variable: title at file D:\wamp\www\phpis\iPHP\Application\Views\Home\index.php(3)
[2013-10-23 17:41:45][NOTICE] Url http://www.q.com/home Undefined variable: title at file D:\wamp\www\phpis\iPHP\Application\Views\Home\index.php(3)
[2013-10-23 17:41:46][NOTICE] Url http://www.q.com/home Undefined variable: title at file D:\wamp\www\phpis\iPHP\Application\Views\Home\index.php(3)
[2013-10-23 17:41:46][NOTICE] Url http://www.q.com/home Undefined variable: title at file D:\wamp\www\phpis\iPHP\Application\Views\Home\index.php(3)
[2013-10-23 17:41:46][NOTICE] Url http://www.q.com/home Undefined variable: title at file D:\wamp\www\phpis\iPHP\Application\Views\Home\index.php(3)
[2013-10-23 17:41:46][NOTICE] Url http://www.q.com/home Undefined variable: title at file D:\wamp\www\phpis\iPHP\Application\Views\Home\index.php(3)
[2013-10-23 17:41:47][NOTICE] Url http://www.q.com/home Undefined variable: title at file D:\wamp\www\phpis\iPHP\Application\Views\Home\index.php(3)
[2013-10-23 17:41:47][NOTICE] Url http://www.q.com/home Undefined variable: title at file D:\wamp\www\phpis\iPHP\Application\Views\Home\index.php(3)
[2013-10-23 17:41:47][NOTICE] Url http://www.q.com/home Undefined variable: title at file D:\wamp\www\phpis\iPHP\Application\Views\Home\index.php(3)
[2013-10-23 17:54:54][ERROR] Url http://www.q.com/home%E6%90%9E%E4%B8%AA 控制器文件不存在/NOT FOUND CONTROLLER FILE: Home%E6%90%9E%E4%B8%AA
[2013-10-23 17:54:54][ERROR] Url http://www.q.com/home%E6%90%9E%E4%B8%AA 控制器文件不存在/NOT FOUND CONTROLLER FILE: Home%E6%90%9E%E4%B8%AA
[2013-10-23 17:54:56][ERROR] Url http://www.q.com/home%E6%90%9E%E4%B8%AA 控制器文件不存在/NOT FOUND CONTROLLER FILE: Home%E6%90%9E%E4%B8%AA
[2013-10-23 17:54:56][ERROR] Url http://www.q.com/home%E6%90%9E%E4%B8%AA 控制器文件不存在/NOT FOUND CONTROLLER FILE: Home%E6%90%9E%E4%B8%AA
[2013-10-23 17:55:30][ERROR] Url http://www.q.com/home%E6%90%9E%E4%B8%AA 未定义指定控制器/NOT FOUND CONTROLLER: Home%E6%90%9E%E4%B8%AA
[2013-10-23 17:55:30][ERROR] Url http://www.q.com/home%E6%90%9E%E4%B8%AA 未定义指定控制器/NOT FOUND CONTROLLER: Home%E6%90%9E%E4%B8%AA
[2013-10-23 17:55:30][ERROR] Url http://www.q.com/home%E6%90%9E%E4%B8%AA 未定义指定控制器/NOT FOUND CONTROLLER: Home%E6%90%9E%E4%B8%AA
[2013-10-23 17:55:30][ERROR] Url http://www.q.com/home%E6%90%9E%E4%B8%AA 未定义指定控制器/NOT FOUND CONTROLLER: Home%E6%90%9E%E4%B8%AA
[2013-10-23 17:55:35][NOTICE] Url http://www.q.com/home Undefined variable: title at file D:\wamp\www\phpis\iPHP\Application\Views\Home\index.php(3)
[2013-10-23 17:55:35][NOTICE] Url http://www.q.com/home Undefined variable: title at file D:\wamp\www\phpis\iPHP\Application\Views\Home\index.php(3)
[2013-10-23 17:55:52][ERROR] Url http://www.q.com/homedf 未定义指定控制器/NOT FOUND CONTROLLER: Homedf
[2013-10-23 17:55:52][ERROR] Url http://www.q.com/homedf 未定义指定控制器/NOT FOUND CONTROLLER: Homedf
[2013-10-23 17:55:58][NOTICE] Url http://www.q.com/home Undefined variable: title at file D:\wamp\www\phpis\iPHP\Application\Views\Home\index.php(3)
[2013-10-23 17:55:58][NOTICE] Url http://www.q.com/home Undefined variable: title at file D:\wamp\www\phpis\iPHP\Application\Views\Home\index.php(3)
[2013-10-23 17:56:02][NOTICE] Url http://www.q.com/home Undefined variable: title at file D:\wamp\www\phpis\iPHP\Application\Views\Home\index.php(3)
[2013-10-23 17:56:12][NOTICE] Url http://www.q.com/home Undefined variable: title at file D:\wamp\www\phpis\iPHP\Application\Views\Home\index.php(3)
[2013-10-23 17:56:14][ERROR] Url http://www.q.com/home. 未定义指定控制器/NOT FOUND CONTROLLER: Home.
[2013-10-23 17:56:14][ERROR] Url http://www.q.com/home. 未定义指定控制器/NOT FOUND CONTROLLER: Home.
[2013-10-23 17:56:17][NOTICE] Url http://www.q.com/home Undefined variable: title at file D:\wamp\www\phpis\iPHP\Application\Views\Home\index.php(3)
[2013-10-23 17:56:18][NOTICE] Url http://www.q.com/home Undefined variable: title at file D:\wamp\www\phpis\iPHP\Application\Views\Home\index.php(3)
