[2013-09-22 10:07:28][SUCCESS] Url http://www.q.com/
[2013-09-22 10:07:28][SUCCESS] Url http://www.q.com/home
[2013-09-22 10:07:35][SUCCESS] Url http://www.q.com/home/select
[2013-09-22 10:07:44][SUCCESS] Url http://www.q.com/home/select
[2013-09-22 10:12:33][WARNING] Url http://www.q.com/user mysql_fetch_array() expects parameter 1 to be resource, boolean given at file D:\wamp\www\phpis\iPHP\Framework\Db\Driver\Mysql\Mysql.php(57)
[2013-09-22 10:13:16][WARNING] Url http://www.q.com/user mysql_fetch_array() expects parameter 1 to be resource, boolean given at file D:\wamp\www\phpis\iPHP\Framework\Db\Driver\Mysql\Mysql.php(57)
[2013-09-22 10:14:41][WARNING] Url http://www.q.com/user mysql_fetch_array() expects parameter 1 to be resource, boolean given at file D:\wamp\www\phpis\iPHP\Framework\Db\Driver\Mysql\Mysql.php(57)
[2013-09-22 10:14:42][WARNING] Url http://www.q.com/user mysql_fetch_array() expects parameter 1 to be resource, boolean given at file D:\wamp\www\phpis\iPHP\Framework\Db\Driver\Mysql\Mysql.php(57)
[2013-09-22 10:15:28][WARNING] Url http://www.q.com/user mysql_fetch_array() expects parameter 1 to be resource, boolean given at file D:\wamp\www\phpis\iPHP\Framework\Db\Driver\Mysql\Mysql.php(57)
[2013-09-22 10:15:29][WARNING] Url http://www.q.com/user mysql_fetch_array() expects parameter 1 to be resource, boolean given at file D:\wamp\www\phpis\iPHP\Framework\Db\Driver\Mysql\Mysql.php(57)
[2013-09-22 10:15:29][WARNING] Url http://www.q.com/user mysql_fetch_array() expects parameter 1 to be resource, boolean given at file D:\wamp\www\phpis\iPHP\Framework\Db\Driver\Mysql\Mysql.php(57)
[2013-09-22 10:23:55][WARNING] Url http://www.q.com/user mysql_fetch_array() expects parameter 1 to be resource, boolean given at file D:\wamp\www\phpis\iPHP\Framework\Db\Driver\Mysql\Mysql.php(58)
[2013-09-22 10:38:23][STRICT] Url http://www.q.com/user Creating default object from empty value at file D:\wamp\www\phpis\iPHP\Framework\Core\Model.php(25)
[2013-09-22 10:38:24][STRICT] Url http://www.q.com/user Creating default object from empty value at file D:\wamp\www\phpis\iPHP\Framework\Core\Model.php(25)
[2013-09-22 10:38:24][STRICT] Url http://www.q.com/user Creating default object from empty value at file D:\wamp\www\phpis\iPHP\Framework\Core\Model.php(25)
[2013-09-22 10:38:24][STRICT] Url http://www.q.com/user Creating default object from empty value at file D:\wamp\www\phpis\iPHP\Framework\Core\Model.php(25)
[2013-09-22 10:38:49][STRICT] Url http://www.q.com/user Creating default object from empty value at file D:\wamp\www\phpis\iPHP\Framework\Core\Model.php(25)
[2013-09-22 10:42:45][STRICT] Url http://www.q.com/user Creating default object from empty value at file D:\wamp\www\phpis\iPHP\Framework\Core\Model.php(25)
[2013-09-22 10:42:45][STRICT] Url http://www.q.com/user Creating default object from empty value at file D:\wamp\www\phpis\iPHP\Framework\Core\Model.php(25)
[2013-09-22 10:42:45][STRICT] Url http://www.q.com/user Creating default object from empty value at file D:\wamp\www\phpis\iPHP\Framework\Core\Model.php(25)
[2013-09-22 10:42:46][STRICT] Url http://www.q.com/user Creating default object from empty value at file D:\wamp\www\phpis\iPHP\Framework\Core\Model.php(25)
[2013-09-22 10:42:46][STRICT] Url http://www.q.com/user Creating default object from empty value at file D:\wamp\www\phpis\iPHP\Framework\Core\Model.php(25)
[2013-09-22 10:42:46][STRICT] Url http://www.q.com/user Creating default object from empty value at file D:\wamp\www\phpis\iPHP\Framework\Core\Model.php(25)
[2013-09-22 10:42:46][STRICT] Url http://www.q.com/user Creating default object from empty value at file D:\wamp\www\phpis\iPHP\Framework\Core\Model.php(25)
[2013-09-22 10:42:47][STRICT] Url http://www.q.com/user Creating default object from empty value at file D:\wamp\www\phpis\iPHP\Framework\Core\Model.php(25)
[2013-09-22 10:42:47][STRICT] Url http://www.q.com/user Creating default object from empty value at file D:\wamp\www\phpis\iPHP\Framework\Core\Model.php(25)
[2013-09-22 10:42:47][STRICT] Url http://www.q.com/user Creating default object from empty value at file D:\wamp\www\phpis\iPHP\Framework\Core\Model.php(25)
[2013-09-22 10:42:48][STRICT] Url http://www.q.com/user Creating default object from empty value at file D:\wamp\www\phpis\iPHP\Framework\Core\Model.php(25)
[2013-09-22 10:42:48][STRICT] Url http://www.q.com/user Creating default object from empty value at file D:\wamp\www\phpis\iPHP\Framework\Core\Model.php(25)
[2013-09-22 10:45:17][STRICT] Url http://www.q.com/user Creating default object from empty value at file D:\wamp\www\phpis\iPHP\Framework\Core\Model.php(25)
[2013-09-22 11:00:05][NOTICE] Url http://www.q.com/user/insert Undefined index: value at file D:\wamp\www\phpis\iPHP\Framework\Db\Driver\Mysql\Base.php(42)
[2013-09-22 11:05:05][NOTICE] Url http://www.q.com/user/insert Undefined index: value at file D:\wamp\www\phpis\iPHP\Framework\Db\Driver\Mysql\Base.php(43)
[2013-09-22 11:05:40][NOTICE] Url http://www.q.com/user/insert Undefined index: value at file D:\wamp\www\phpis\iPHP\Framework\Db\Driver\Mysql\Base.php(43)
[2013-09-22 11:08:15][NOTICE] Url http://www.q.com/user/insert Undefined index: value at file D:\wamp\www\phpis\iPHP\Framework\Db\Driver\Mysql\Base.php(43)
[2013-09-22 11:08:41][NOTICE] Url http://www.q.com/user/insert Undefined index: value at file D:\wamp\www\phpis\iPHP\Framework\Db\Driver\Mysql\Base.php(43)
[2013-09-22 11:09:02][NOTICE] Url http://www.q.com/user/insert Undefined index: value at file D:\wamp\www\phpis\iPHP\Framework\Db\Driver\Mysql\Base.php(43)
[2013-09-22 11:09:03][NOTICE] Url http://www.q.com/user/insert Undefined index: value at file D:\wamp\www\phpis\iPHP\Framework\Db\Driver\Mysql\Base.php(43)
[2013-09-22 11:09:03][NOTICE] Url http://www.q.com/user/insert Undefined index: value at file D:\wamp\www\phpis\iPHP\Framework\Db\Driver\Mysql\Base.php(43)
[2013-09-22 11:09:20][NOTICE] Url http://www.q.com/user/insert Undefined index: value at file D:\wamp\www\phpis\iPHP\Framework\Db\Driver\Mysql\Base.php(43)
[2013-09-22 11:09:54][NOTICE] Url http://www.q.com/user/insert Undefined index: value at file D:\wamp\www\phpis\iPHP\Framework\Db\Driver\Mysql\Base.php(43)
[2013-09-22 11:09:55][NOTICE] Url http://www.q.com/user/insert Undefined index: value at file D:\wamp\www\phpis\iPHP\Framework\Db\Driver\Mysql\Base.php(43)
[2013-09-22 11:23:43][NOTICE] Url http://www.q.com/user/delete Undefined variable: tablename at file D:\wamp\www\phpis\iPHP\Framework\Db\Driver\Mysql\Abstract.php(76)
[2013-09-22 11:38:15][NOTICE] Url http://www.q.com/user/delete Undefined variable: tablename at file D:\wamp\www\phpis\iPHP\Framework\Db\Driver\Mysql\Abstract.php(76)
[2013-09-22 11:39:15][STRICT] Url http://www.q.com/user/delete Creating default object from empty value at file D:\wamp\www\phpis\iPHP\Framework\Core\Model.php(25)
[2013-09-22 11:49:50][NOTICE] Url http://www.q.com/user/insert Undefined index: value at file D:\wamp\www\phpis\iPHP\Framework\Db\Driver\Mysql\Base.php(43)
[2013-09-22 11:50:11][STRICT] Url http://www.q.com/user/delete Creating default object from empty value at file D:\wamp\www\phpis\iPHP\Framework\Core\Model.php(25)
[2013-09-22 11:57:23][STRICT] Url http://www.q.com/user/delete Creating default object from empty value at file D:\wamp\www\phpis\iPHP\Framework\Core\Model.php(25)
[2013-09-22 11:57:24][STRICT] Url http://www.q.com/user/delete Creating default object from empty value at file D:\wamp\www\phpis\iPHP\Framework\Core\Model.php(25)
[2013-09-22 11:57:44][WARNING] Url http://www.q.com/user/page mysql_fetch_array() expects parameter 1 to be resource, boolean given at file D:\wamp\www\phpis\iPHP\Framework\Db\Driver\Mysql\Mysql.php(107)
[2013-09-22 11:58:43][NOTICE] Url http://www.q.com/user/page Undefined variable: bind at file D:\wamp\www\phpis\iPHP\Framework\Db\Driver\Mysql\Mysql.php(106)
[2013-09-22 11:59:05][NOTICE] Url http://www.q.com/user/page Undefined variable: bind at file D:\wamp\www\phpis\iPHP\Framework\Db\Driver\Mysql\Mysql.php(106)
[2013-09-22 11:59:05][NOTICE] Url http://www.q.com/user/page Undefined variable: bind at file D:\wamp\www\phpis\iPHP\Framework\Db\Driver\Mysql\Mysql.php(106)
[2013-09-22 11:59:08][NOTICE] Url http://www.q.com/user/page/2 Undefined variable: bind at file D:\wamp\www\phpis\iPHP\Framework\Db\Driver\Mysql\Mysql.php(106)
[2013-09-22 11:59:12][NOTICE] Url http://www.q.com/user/page/3 Undefined variable: bind at file D:\wamp\www\phpis\iPHP\Framework\Db\Driver\Mysql\Mysql.php(106)
[2013-09-22 11:59:15][NOTICE] Url http://www.q.com/user/page/4 Undefined variable: bind at file D:\wamp\www\phpis\iPHP\Framework\Db\Driver\Mysql\Mysql.php(106)
[2013-09-22 11:59:18][NOTICE] Url http://www.q.com/user/page/5 Undefined variable: bind at file D:\wamp\www\phpis\iPHP\Framework\Db\Driver\Mysql\Mysql.php(106)
[2013-09-22 11:59:30][NOTICE] Url http://www.q.com/user/page/2 Undefined variable: bind at file D:\wamp\www\phpis\iPHP\Framework\Db\Driver\Mysql\Mysql.php(106)
[2013-09-22 11:59:34][NOTICE] Url http://www.q.com/user/page/5 Undefined variable: bind at file D:\wamp\www\phpis\iPHP\Framework\Db\Driver\Mysql\Mysql.php(106)
[2013-09-22 12:10:47][STRICT] Url http://www.q.com/user/update Creating default object from empty value at file D:\wamp\www\phpis\iPHP\Framework\Core\Model.php(25)
[2013-09-22 12:11:56][NOTICE] Url http://www.q.com/user/update Undefined property: Mysql::$where at file D:\wamp\www\phpis\iPHP\Framework\Core\Model.php(73)
[2013-09-22 12:13:13][STRICT] Url http://www.q.com/user/update Creating default object from empty value at file D:\wamp\www\phpis\iPHP\Framework\Core\Model.php(25)
[2013-09-22 12:14:36][STRICT] Url http://www.q.com/user/update Creating default object from empty value at file D:\wamp\www\phpis\iPHP\Framework\Core\Model.php(25)
[2013-09-22 12:14:37][STRICT] Url http://www.q.com/user/update Creating default object from empty value at file D:\wamp\www\phpis\iPHP\Framework\Core\Model.php(25)
[2013-09-22 12:14:48][STRICT] Url http://www.q.com/user/update Creating default object from empty value at file D:\wamp\www\phpis\iPHP\Framework\Core\Model.php(25)
[2013-09-22 12:14:52][STRICT] Url http://www.q.com/user/update Creating default object from empty value at file D:\wamp\www\phpis\iPHP\Framework\Core\Model.php(25)
[2013-09-22 12:15:17][STRICT] Url http://www.q.com/user/update Creating default object from empty value at file D:\wamp\www\phpis\iPHP\Framework\Core\Model.php(25)
[2013-09-22 15:04:10][STRICT] Url http://www.q.com/user Creating default object from empty value at file D:\wamp\www\phpis\iPHP\Framework\Core\Model.php(26)
