[2013-09-26 10:16:26][SUCCESS] Url http://q.com/
[2013-09-26 10:16:26][NOTICE] Url http://q.com/home Undefined property: HomeModel::$tablePrex at file D:\wamp\www\phpis\iPHP\Framework\Core\Model.php(37)
[2013-09-26 10:19:22][NOTICE] Url http://www.q.com/user Undefined property: UserModel::$tablePrex at file D:\wamp\www\phpis\iPHP\Framework\Core\Model.php(37)
[2013-09-26 10:19:23][NOTICE] Url http://www.q.com/user Undefined property: UserModel::$tablePrex at file D:\wamp\www\phpis\iPHP\Framework\Core\Model.php(37)
[2013-09-26 10:19:24][NOTICE] Url http://www.q.com/user Undefined property: UserModel::$tablePrex at file D:\wamp\www\phpis\iPHP\Framework\Core\Model.php(37)
[2013-09-26 10:19:25][NOTICE] Url http://www.q.com/user Undefined property: UserModel::$tablePrex at file D:\wamp\www\phpis\iPHP\Framework\Core\Model.php(37)
[2013-09-26 10:20:55][NOTICE] Url http://www.q.com/user Undefined property: UserModel::$tablePrex at file D:\wamp\www\phpis\iPHP\Framework\Core\Model.php(37)
[2013-09-26 10:21:21][NOTICE] Url http://www.q.com/user Undefined property: UserModel::$tablePrex at file D:\wamp\www\phpis\iPHP\Framework\Core\Model.php(37)
[2013-09-26 10:21:37][NOTICE] Url http://www.q.com/user Undefined property: UserModel::$tablePrex at file D:\wamp\www\phpis\iPHP\Framework\Core\Model.php(37)
[2013-09-26 10:21:39][NOTICE] Url http://q.com/home Undefined property: HomeModel::$tablePrex at file D:\wamp\www\phpis\iPHP\Framework\Core\Model.php(37)
[2013-09-26 10:21:44][NOTICE] Url http://q.com/user Undefined property: UserModel::$tablePrex at file D:\wamp\www\phpis\iPHP\Framework\Core\Model.php(37)
[2013-09-26 10:22:07][NOTICE] Url http://www.q.com/user Undefined property: UserModel::$tablePrex at file D:\wamp\www\phpis\iPHP\Framework\Core\Model.php(37)
[2013-09-26 10:22:08][NOTICE] Url http://q.com/user Undefined property: UserModel::$tablePrex at file D:\wamp\www\phpis\iPHP\Framework\Core\Model.php(37)
[2013-09-26 10:22:09][NOTICE] Url http://q.com/user Undefined property: UserModel::$tablePrex at file D:\wamp\www\phpis\iPHP\Framework\Core\Model.php(37)
[2013-09-26 10:22:42][NOTICE] Url http://www.q.com/user Undefined property: UserModel::$tablePrex at file D:\wamp\www\phpis\iPHP\Framework\Core\Model.php(37)
[2013-09-26 10:22:42][NOTICE] Url http://www.q.com/user Undefined property: UserModel::$tablePrex at file D:\wamp\www\phpis\iPHP\Framework\Core\Model.php(37)
[2013-09-26 10:22:58][NOTICE] Url http://q.com/user Undefined property: UserModel::$tablePrex at file D:\wamp\www\phpis\iPHP\Framework\Core\Model.php(37)
[2013-09-26 10:23:05][NOTICE] Url http://q.com/user Undefined property: UserModel::$tablePrex at file D:\wamp\www\phpis\iPHP\Framework\Core\Model.php(37)
[2013-09-26 10:23:08][NOTICE] Url http://www.q.com/user Undefined property: UserModel::$tablePrex at file D:\wamp\www\phpis\iPHP\Framework\Core\Model.php(37)
[2013-09-26 10:29:25][NOTICE] Url http://q.com/user Undefined property: UserModel::$tablePrex at file D:\wamp\www\phpis\iPHP\Framework\Core\Model.php(37)
[2013-09-26 10:32:46][NOTICE] Url http://www.q.com/user Undefined property: UserModel::$tablePrex at file D:\wamp\www\phpis\iPHP\Framework\Core\Model.php(37)
[2013-09-26 10:32:48][NOTICE] Url http://www.q.com/user Undefined property: UserModel::$tablePrex at file D:\wamp\www\phpis\iPHP\Framework\Core\Model.php(37)
[2013-09-26 10:32:49][NOTICE] Url http://q.com/user Undefined property: UserModel::$tablePrex at file D:\wamp\www\phpis\iPHP\Framework\Core\Model.php(37)
[2013-09-26 10:32:49][NOTICE] Url http://q.com/user Undefined property: UserModel::$tablePrex at file D:\wamp\www\phpis\iPHP\Framework\Core\Model.php(37)
[2013-09-26 10:32:50][NOTICE] Url http://www.q.com/user Undefined property: UserModel::$tablePrex at file D:\wamp\www\phpis\iPHP\Framework\Core\Model.php(37)
[2013-09-26 10:35:02][NOTICE] Url http://www.q.com/user Undefined property: UserModel::$tablePrex at file D:\wamp\www\phpis\iPHP\Framework\Core\Model.php(37)
[2013-09-26 10:35:02][NOTICE] Url http://www.q.com/user Undefined property: UserModel::$tablePrex at file D:\wamp\www\phpis\iPHP\Framework\Core\Model.php(37)
[2013-09-26 10:35:03][NOTICE] Url http://q.com/user Undefined property: UserModel::$tablePrex at file D:\wamp\www\phpis\iPHP\Framework\Core\Model.php(37)
[2013-09-26 10:35:03][NOTICE] Url http://www.q.com/user Undefined property: UserModel::$tablePrex at file D:\wamp\www\phpis\iPHP\Framework\Core\Model.php(37)
[2013-09-26 10:36:31][NOTICE] Url http://www.q.com/user Undefined property: UserModel::$tablePrex at file D:\wamp\www\phpis\iPHP\Framework\Core\Model.php(37)
[2013-09-26 10:36:32][NOTICE] Url http://www.q.com/user Undefined property: UserModel::$tablePrex at file D:\wamp\www\phpis\iPHP\Framework\Core\Model.php(37)
[2013-09-26 10:36:33][NOTICE] Url http://www.q.com/user Undefined property: UserModel::$tablePrex at file D:\wamp\www\phpis\iPHP\Framework\Core\Model.php(37)
[2013-09-26 10:36:34][NOTICE] Url http://www.q.com/user Undefined property: UserModel::$tablePrex at file D:\wamp\www\phpis\iPHP\Framework\Core\Model.php(37)
[2013-09-26 10:36:35][NOTICE] Url http://q.com/user Undefined property: UserModel::$tablePrex at file D:\wamp\www\phpis\iPHP\Framework\Core\Model.php(37)
[2013-09-26 10:36:36][NOTICE] Url http://q.com/user Undefined property: UserModel::$tablePrex at file D:\wamp\www\phpis\iPHP\Framework\Core\Model.php(37)
[2013-09-26 10:36:43][NOTICE] Url http://www.q.com/user Undefined property: UserModel::$tablePrex at file D:\wamp\www\phpis\iPHP\Framework\Core\Model.php(37)
[2013-09-26 10:47:56][NOTICE] Url http://www.q.com/user/login Undefined property: UserModel::$tablePrex at file D:\wamp\www\phpis\iPHP\Framework\Core\Model.php(37)
[2013-09-26 10:47:56][NOTICE] Url http://www.q.com/user Undefined property: UserModel::$tablePrex at file D:\wamp\www\phpis\iPHP\Framework\Core\Model.php(37)
[2013-09-26 10:48:04][NOTICE] Url http://www.q.com/user/login Undefined property: UserModel::$tablePrex at file D:\wamp\www\phpis\iPHP\Framework\Core\Model.php(37)
[2013-09-26 10:48:04][NOTICE] Url http://www.q.com/user Undefined property: UserModel::$tablePrex at file D:\wamp\www\phpis\iPHP\Framework\Core\Model.php(37)
[2013-09-26 10:48:05][NOTICE] Url http://www.q.com/user/login Undefined property: UserModel::$tablePrex at file D:\wamp\www\phpis\iPHP\Framework\Core\Model.php(37)
[2013-09-26 10:48:05][NOTICE] Url http://www.q.com/user Undefined property: UserModel::$tablePrex at file D:\wamp\www\phpis\iPHP\Framework\Core\Model.php(37)
[2013-09-26 10:48:07][NOTICE] Url http://www.q.com/user Undefined property: UserModel::$tablePrex at file D:\wamp\www\phpis\iPHP\Framework\Core\Model.php(37)
[2013-09-26 10:48:43][NOTICE] Url http://www.q.com/user/login Undefined property: UserModel::$tablePrex at file D:\wamp\www\phpis\iPHP\Framework\Core\Model.php(37)
[2013-09-26 10:49:16][NOTICE] Url http://www.q.com/user/login Undefined property: UserModel::$tablePrex at file D:\wamp\www\phpis\iPHP\Framework\Core\Model.php(37)
[2013-09-26 10:49:16][NOTICE] Url http://www.q.com/user Undefined property: UserModel::$tablePrex at file D:\wamp\www\phpis\iPHP\Framework\Core\Model.php(37)
[2013-09-26 10:49:31][NOTICE] Url http://www.q.com/user/login Undefined property: UserModel::$tablePrex at file D:\wamp\www\phpis\iPHP\Framework\Core\Model.php(37)
[2013-09-26 10:49:31][NOTICE] Url http://www.q.com/user Undefined property: UserModel::$tablePrex at file D:\wamp\www\phpis\iPHP\Framework\Core\Model.php(37)
[2013-09-26 10:49:31][NOTICE] Url http://www.q.com/user/login Undefined property: UserModel::$tablePrex at file D:\wamp\www\phpis\iPHP\Framework\Core\Model.php(37)
[2013-09-26 10:49:31][NOTICE] Url http://www.q.com/user Undefined property: UserModel::$tablePrex at file D:\wamp\www\phpis\iPHP\Framework\Core\Model.php(37)
[2013-09-26 10:51:15][NOTICE] Url http://www.q.com/user/login Undefined property: UserModel::$tablePrex at file D:\wamp\www\phpis\iPHP\Framework\Core\Model.php(37)
[2013-09-26 10:51:15][NOTICE] Url http://www.q.com/user Undefined property: UserModel::$tablePrex at file D:\wamp\www\phpis\iPHP\Framework\Core\Model.php(37)
[2013-09-26 10:51:16][NOTICE] Url http://www.q.com/user/login Undefined property: UserModel::$tablePrex at file D:\wamp\www\phpis\iPHP\Framework\Core\Model.php(37)
[2013-09-26 10:51:16][NOTICE] Url http://www.q.com/user Undefined property: UserModel::$tablePrex at file D:\wamp\www\phpis\iPHP\Framework\Core\Model.php(37)
[2013-09-26 10:56:22][NOTICE] Url http://www.q.com/user/login Undefined property: UserModel::$tablePrex at file D:\wamp\www\phpis\iPHP\Framework\Core\Model.php(37)
[2013-09-26 10:56:22][NOTICE] Url http://www.q.com/user Undefined property: UserModel::$tablePrex at file D:\wamp\www\phpis\iPHP\Framework\Core\Model.php(37)
[2013-09-26 10:56:23][NOTICE] Url http://www.q.com/user/login Undefined property: UserModel::$tablePrex at file D:\wamp\www\phpis\iPHP\Framework\Core\Model.php(37)
[2013-09-26 10:56:23][NOTICE] Url http://www.q.com/user Undefined property: UserModel::$tablePrex at file D:\wamp\www\phpis\iPHP\Framework\Core\Model.php(37)
[2013-09-26 10:57:13][NOTICE] Url http://www.q.com/user/login Undefined property: UserModel::$tablePrex at file D:\wamp\www\phpis\iPHP\Framework\Core\Model.php(37)
[2013-09-26 10:57:13][NOTICE] Url http://www.q.com/user Undefined property: UserModel::$tablePrex at file D:\wamp\www\phpis\iPHP\Framework\Core\Model.php(37)
[2013-09-26 10:57:14][NOTICE] Url http://www.q.com/user/login Undefined property: UserModel::$tablePrex at file D:\wamp\www\phpis\iPHP\Framework\Core\Model.php(37)
[2013-09-26 10:57:14][NOTICE] Url http://www.q.com/user Undefined property: UserModel::$tablePrex at file D:\wamp\www\phpis\iPHP\Framework\Core\Model.php(37)
[2013-09-26 10:58:12][NOTICE] Url http://www.q.com/user/login Undefined property: UserModel::$tablePrex at file D:\wamp\www\phpis\iPHP\Framework\Core\Model.php(37)
[2013-09-26 10:58:12][NOTICE] Url http://www.q.com/user Undefined property: UserModel::$tablePrex at file D:\wamp\www\phpis\iPHP\Framework\Core\Model.php(37)
[2013-09-26 10:58:13][NOTICE] Url http://www.q.com/user/login Undefined property: UserModel::$tablePrex at file D:\wamp\www\phpis\iPHP\Framework\Core\Model.php(37)
[2013-09-26 10:58:13][NOTICE] Url http://www.q.com/user Undefined property: UserModel::$tablePrex at file D:\wamp\www\phpis\iPHP\Framework\Core\Model.php(37)
[2013-09-26 10:58:14][NOTICE] Url http://www.q.com/user/login Undefined property: UserModel::$tablePrex at file D:\wamp\www\phpis\iPHP\Framework\Core\Model.php(37)
[2013-09-26 10:58:14][NOTICE] Url http://www.q.com/user Undefined property: UserModel::$tablePrex at file D:\wamp\www\phpis\iPHP\Framework\Core\Model.php(37)
